Using pre-set license
Built from '2021.2/staging' branch; Version is '2021.2.4f1 (99ba6aa4c552) revision 10074730'; Using compiler version '192829333'; Build Type 'Release'
OS: 'Windows 10 Home; OS build 19044.1706; Version 2009; 64bit' Language: 'en' Physical Memory: 32611 MB
BatchMode: 1, IsHumanControllingUs: 0, StartBugReporterOnCrash: 0, Is64bit: 1, IsPro: 0

COMMAND LINE ARGUMENTS:
C:\Program Files\Unity\Hub\Editor\2021.2.4f1\Editor\Unity.exe
-adb2
-batchMode
-noUpm
-name
AssetImportWorker1
-projectPath
D:/DigiPen/6_2022_Spring/DES303/Rites-of-Freedom/Rites of Freedom Unity Project
-logFile
Logs/AssetImportWorker1.log
-srvPort
64685
Successfully changed project path to: D:/DigiPen/6_2022_Spring/DES303/Rites-of-Freedom/Rites of Freedom Unity Project
D:/DigiPen/6_2022_Spring/DES303/Rites-of-Freedom/Rites of Freedom Unity Project
[UnityMemory] Configuration Parameters - Can be set up in boot.config
    "memorysetup-bucket-allocator-granularity=16"
    "memorysetup-bucket-allocator-bucket-count=8"
    "memorysetup-bucket-allocator-block-size=33554432"
    "memorysetup-bucket-allocator-block-count=8"
    "memorysetup-main-allocator-block-size=16777216"
    "memorysetup-thread-allocator-block-size=16777216"
    "memorysetup-gfx-main-allocator-block-size=16777216"
    "memorysetup-gfx-thread-allocator-block-size=16777216"
    "memorysetup-cache-allocator-block-size=4194304"
    "memorysetup-typetree-allocator-block-size=2097152"
    "memorysetup-profiler-bucket-allocator-granularity=16"
    "memorysetup-profiler-bucket-allocator-bucket-count=8"
    "memorysetup-profiler-bucket-allocator-block-size=33554432"
    "memorysetup-profiler-bucket-allocator-block-count=8"
    "memorysetup-profiler-allocator-block-size=16777216"
    "memorysetup-profiler-editor-allocator-block-size=1048576"
    "memorysetup-temp-allocator-size-main=16777216"
    "memorysetup-job-temp-allocator-block-size=2097152"
    "memorysetup-job-temp-allocator-block-size-background=1048576"
    "memorysetup-job-temp-allocator-reduction-small-platforms=262144"
    "memorysetup-temp-allocator-size-background-worker=32768"
    "memorysetup-temp-allocator-size-job-worker=262144"
    "memorysetup-temp-allocator-size-preload-manager=33554432"
    "memorysetup-temp-allocator-size-nav-mesh-worker=65536"
    "memorysetup-temp-allocator-size-audio-worker=65536"
    "memorysetup-temp-allocator-size-cloud-worker=32768"
    "memorysetup-temp-allocator-size-gi-baking-worker=262144"
    "memorysetup-temp-allocator-size-gfx=262144"
Refreshing native plugins compatible for Editor in 49.53 ms, found 3 plugins.
Preloading 0 native plugins for Editor in 0.00 ms.
Initialize engine version: 2021.2.4f1 (99ba6aa4c552)
[Subsystems] Discovering subsystems at path C:/Program Files/Unity/Hub/Editor/2021.2.4f1/Editor/Data/Resources/UnitySubsystems
[Subsystems] Discovering subsystems at path D:/DigiPen/6_2022_Spring/DES303/Rites-of-Freedom/Rites of Freedom Unity Project/Assets
GfxDevice: creating device client; threaded=0; jobified=0
Direct3D:
    Version:  Direct3D 11.0 [level 11.1]
    Renderer: NVIDIA GeForce GTX 1070 Ti (ID=0x1b82)
    Vendor:   NVIDIA
    VRAM:     8079 MB
    Driver:   30.0.15.1179
Initialize mono
Mono path[0] = 'C:/Program Files/Unity/Hub/Editor/2021.2.4f1/Editor/Data/Managed'
Mono path[1] = 'C:/Program Files/Unity/Hub/Editor/2021.2.4f1/Editor/Data/MonoBleedingEdge/lib/mono/unityjit-win32'
Mono config path = 'C:/Program Files/Unity/Hub/Editor/2021.2.4f1/Editor/Data/MonoBleedingEdge/etc'
Using monoOptions --debugger-agent=transport=dt_socket,embedding=1,server=y,suspend=n,address=127.0.0.1:56688
Begin MonoManager ReloadAssembly
Registering precompiled unity dll's ...
Register platform support module: C:/Program Files/Unity/Hub/Editor/2021.2.4f1/Editor/Data/PlaybackEngines/WindowsStandaloneSupport/UnityEditor.WindowsStandalone.Extensions.dll
Registered in 0.005219 seconds.
Native extension for WindowsStandalone target not found
Refreshing native plugins compatible for Editor in 48.07 ms, found 3 plugins.
Preloading 0 native plugins for Editor in 0.00 ms.
Mono: successfully reloaded assembly
- Completed reload, in  0.459 seconds
Domain Reload Profiling:
	ReloadAssembly (459ms)
		BeginReloadAssembly (53ms)
			ExecutionOrderSort (0ms)
			DisableScriptedObjects (0ms)
			BackupInstance (0ms)
			ReleaseScriptingObjects (0ms)
			CreateAndSetChildDomain (1ms)
		EndReloadAssembly (347ms)
			LoadAssemblies (51ms)
			RebuildTransferFunctionScriptingTraits (0ms)
			SetupTypeCache (76ms)
			ReleaseScriptCaches (0ms)
			RebuildScriptCaches (23ms)
			SetupLoadedEditorAssemblies (208ms)
				LogAssemblyErrors (0ms)
				InitializePlatformSupportModulesInManaged (11ms)
				SetLoadedEditorAssemblies (0ms)
				RefreshPlugins (48ms)
				BeforeProcessingInitializeOnLoad (1ms)
				ProcessInitializeOnLoadAttributes (111ms)
				ProcessInitializeOnLoadMethodAttributes (36ms)
				AfterProcessingInitializeOnLoad (0ms)
				EditorAssembliesLoaded (0ms)
			ExecutionOrderSort2 (0ms)
			AwakeInstancesAfterBackupRestoration (0ms)
Platform modules already initialized, skipping
Registering precompiled user dll's ...
Registered in 0.002848 seconds.
Begin MonoManager ReloadAssembly
Native extension for WindowsStandalone target not found
Refreshing native plugins compatible for Editor in 47.61 ms, found 3 plugins.
Preloading 0 native plugins for Editor in 0.00 ms.
Mono: successfully reloaded assembly
- Completed reload, in  1.233 seconds
Domain Reload Profiling:
	ReloadAssembly (1234ms)
		BeginReloadAssembly (131ms)
			ExecutionOrderSort (0ms)
			DisableScriptedObjects (5ms)
			BackupInstance (0ms)
			ReleaseScriptingObjects (0ms)
			CreateAndSetChildDomain (14ms)
		EndReloadAssembly (1030ms)
			LoadAssemblies (58ms)
			RebuildTransferFunctionScriptingTraits (0ms)
			SetupTypeCache (148ms)
			ReleaseScriptCaches (0ms)
			RebuildScriptCaches (41ms)
			SetupLoadedEditorAssemblies (702ms)
				LogAssemblyErrors (0ms)
				InitializePlatformSupportModulesInManaged (8ms)
				SetLoadedEditorAssemblies (0ms)
				RefreshPlugins (48ms)
				BeforeProcessingInitializeOnLoad (53ms)
				ProcessInitializeOnLoadAttributes (561ms)
				ProcessInitializeOnLoadMethodAttributes (26ms)
				AfterProcessingInitializeOnLoad (6ms)
				EditorAssembliesLoaded (0ms)
			ExecutionOrderSort2 (0ms)
			AwakeInstancesAfterBackupRestoration (4ms)
Platform modules already initialized, skipping
========================================================================
Worker process is ready to serve import requests
Launched and connected shader compiler UnityShaderCompiler.exe after 0.04 seconds
Refreshing native plugins compatible for Editor in 0.68 ms, found 3 plugins.
Preloading 0 native plugins for Editor in 0.00 ms.
Unloading 2421 Unused Serialized files (Serialized files now loaded: 0)
Unloading 37 unused Assets / (56.8 KB). Loaded Objects now: 2889.
Memory consumption went from 192.3 MB to 192.3 MB.
Total: 2.514600 ms (FindLiveObjects: 0.211000 ms CreateObjectMapping: 0.158700 ms MarkObjects: 2.089400 ms  DeleteObjects: 0.054700 ms)

AssetImportParameters requested are different than current active one (requested -> active):
  custom:video-decoder-ogg-theora: a1e56fd34408186e4bbccfd4996cb3dc -> 
  custom:container-muxer-webm: aa71ff27fc2769a1b78a27578f13a17b -> 
  custom:container-demuxer-webm: 4f35f7cbe854078d1ac9338744f61a02 -> 
  custom:video-encoder-webm-vp8: eb34c28f22e8b96e1ab97ce403110664 -> 
  custom:audio-encoder-webm-vorbis: bf7c407c2cedff20999df2af8eb42d56 -> 
  custom:framework-win-MediaFoundation: 216162199b28c13a410421893ffa2e32 -> 
  custom:container-demuxer-ogg: 62fdf1f143b41e24485cea50d1cbac27 -> 
  custom:video-decoder-webm-vp8: 9c59270c3fd7afecdb556c50c9e8de78 -> 
  custom:audio-decoder-ogg-vorbis: bf7c407c2cedff20999df2af8eb42d56 -> 
========================================================================
Received Import Request.
  Time since last request: 156445.000769 seconds.
  path: Assets/Packages/Fantasy Battle Music Free Pack/Loop 1 Tension.ogg
  artifactKey: Guid(ff94d5cc0af7b4146894c4850047c72e) Importer(815301076,1909f56bfc062723c751e8b465ee728b)
Start importing Assets/Packages/Fantasy Battle Music Free Pack/Loop 1 Tension.ogg using Guid(ff94d5cc0af7b4146894c4850047c72e) Importer(815301076,1909f56bfc062723c751e8b465ee728b)  -> (artifact id: '2574cfd4d2aa35de188b0a88ce44dc08') in 0.090703 seconds 
========================================================================
Received Import Request.
  Time since last request: 0.000013 seconds.
  path: Assets/Packages/Fantasy Battle Music Free Pack/Loop 3 Arcane Duel.ogg
  artifactKey: Guid(b9c873be358337c4989f79534403389d) Importer(815301076,1909f56bfc062723c751e8b465ee728b)
Start importing Assets/Packages/Fantasy Battle Music Free Pack/Loop 3 Arcane Duel.ogg using Guid(b9c873be358337c4989f79534403389d) Importer(815301076,1909f56bfc062723c751e8b465ee728b)  -> (artifact id: '186c23518f973fcde7a791fe972c9c6c') in 0.011765 seconds 
========================================================================
Received Import Request.
  Time since last request: 116.924806 seconds.
  path: Assets/Packages/Fantasy Interface Sounds/Bag 02.wav
  artifactKey: Guid(40f7f275cc6b96547ab433af49b2b427) Importer(815301076,1909f56bfc062723c751e8b465ee728b)
Start importing Assets/Packages/Fantasy Interface Sounds/Bag 02.wav using Guid(40f7f275cc6b96547ab433af49b2b427) Importer(815301076,1909f56bfc062723c751e8b465ee728b)  -> (artifact id: '1db19bf15e1bf268cf4e5223a69e3763') in 0.013927 seconds 
========================================================================
Received Import Request.
  Time since last request: 0.000019 seconds.
  path: Assets/Packages/Fantasy Interface Sounds/Cards Shuffle 2_03.wav
  artifactKey: Guid(0a37f005cc7d1a24f81370aa5a8d3ac5) Importer(815301076,1909f56bfc062723c751e8b465ee728b)
Start importing Assets/Packages/Fantasy Interface Sounds/Cards Shuffle 2_03.wav using Guid(0a37f005cc7d1a24f81370aa5a8d3ac5) Importer(815301076,1909f56bfc062723c751e8b465ee728b)  -> (artifact id: '2730ce72e0473201b45c693cf79b5ddb') in 0.011257 seconds 
========================================================================
Received Import Request.
  Time since last request: 0.000016 seconds.
  path: Assets/Packages/Fantasy Interface Sounds/Bag 04.wav
  artifactKey: Guid(3be1a44326ffe2b4f92301bae6bf73df) Importer(815301076,1909f56bfc062723c751e8b465ee728b)
Start importing Assets/Packages/Fantasy Interface Sounds/Bag 04.wav using Guid(3be1a44326ffe2b4f92301bae6bf73df) Importer(815301076,1909f56bfc062723c751e8b465ee728b)  -> (artifact id: '306899be3d886aa06fb651338c909c43') in 0.010691 seconds 
========================================================================
Received Import Request.
  Time since last request: 0.000013 seconds.
  path: Assets/Packages/Fantasy Interface Sounds/Blacksmith 03.wav
  artifactKey: Guid(5a46c0c8b5b72d04e8cb24a4a81baa08) Importer(815301076,1909f56bfc062723c751e8b465ee728b)
Start importing Assets/Packages/Fantasy Interface Sounds/Blacksmith 03.wav using Guid(5a46c0c8b5b72d04e8cb24a4a81baa08) Importer(815301076,1909f56bfc062723c751e8b465ee728b)  -> (artifact id: '6f5aee262930b7d07981e5fcd695a8ac') in 0.011083 seconds 
========================================================================
Received Import Request.
  Time since last request: 0.000011 seconds.
  path: Assets/Packages/Fantasy Interface Sounds/Bag 07.wav
  artifactKey: Guid(a843583594a3b2044b2f171e59305d96) Importer(815301076,1909f56bfc062723c751e8b465ee728b)
Start importing Assets/Packages/Fantasy Interface Sounds/Bag 07.wav using Guid(a843583594a3b2044b2f171e59305d96) Importer(815301076,1909f56bfc062723c751e8b465ee728b)  -> (artifact id: '2d3e7871886c22e6774a25612c465987') in 0.010842 seconds 
========================================================================
Received Import Request.
  Time since last request: 0.000016 seconds.
  path: Assets/Packages/Fantasy Interface Sounds/Cards Place 05.wav
  artifactKey: Guid(6a6da2781d8c5e8488d63c5ba4721beb) Importer(815301076,1909f56bfc062723c751e8b465ee728b)
Start importing Assets/Packages/Fantasy Interface Sounds/Cards Place 05.wav using Guid(6a6da2781d8c5e8488d63c5ba4721beb) Importer(815301076,1909f56bfc062723c751e8b465ee728b)  -> (artifact id: '8d294fff45d25b7909a49524cba97c01') in 0.011001 seconds 
========================================================================
Received Import Request.
  Time since last request: 0.000013 seconds.
  path: Assets/Packages/Fantasy Interface Sounds/Cards Shuffle 1_04.wav
  artifactKey: Guid(2507a0079bbe9e84787fff3596dd415e) Importer(815301076,1909f56bfc062723c751e8b465ee728b)
Start importing Assets/Packages/Fantasy Interface Sounds/Cards Shuffle 1_04.wav using Guid(2507a0079bbe9e84787fff3596dd415e) Importer(815301076,1909f56bfc062723c751e8b465ee728b)  -> (artifact id: '03380e6ee33f36e731faea31f4a8f462') in 0.010038 seconds 
========================================================================
Received Import Request.
  Time since last request: 0.000013 seconds.
  path: Assets/Packages/Fantasy Interface Sounds/Blacksmith 10.wav
  artifactKey: Guid(5a081006fd9655743a58f78978ffaf46) Importer(815301076,1909f56bfc062723c751e8b465ee728b)
Start importing Assets/Packages/Fantasy Interface Sounds/Blacksmith 10.wav using Guid(5a081006fd9655743a58f78978ffaf46) Importer(815301076,1909f56bfc062723c751e8b465ee728b)  -> (artifact id: 'a49a729dcbca24032cb169f8508f2722') in 0.009882 seconds 
========================================================================
Received Import Request.
  Time since last request: 0.000011 seconds.
  path: Assets/Packages/Fantasy Interface Sounds/Bag 11.wav
  artifactKey: Guid(26249b20909db9f459a7a644756810f7) Importer(815301076,1909f56bfc062723c751e8b465ee728b)
Start importing Assets/Packages/Fantasy Interface Sounds/Bag 11.wav using Guid(26249b20909db9f459a7a644756810f7) Importer(815301076,1909f56bfc062723c751e8b465ee728b)  -> (artifact id: '5298485cd1ec35e8e7a2939d8f197d79') in 0.011258 seconds 
========================================================================
Received Import Request.
  Time since last request: 0.000013 seconds.
  path: Assets/Packages/Fantasy Interface Sounds/Book 10.wav
  artifactKey: Guid(d3ebd1085a1176444a5a06ab76ae5c7a) Importer(815301076,1909f56bfc062723c751e8b465ee728b)
Start importing Assets/Packages/Fantasy Interface Sounds/Book 10.wav using Guid(d3ebd1085a1176444a5a06ab76ae5c7a) Importer(815301076,1909f56bfc062723c751e8b465ee728b)  -> (artifact id: 'a168d6e01a9f08b18a3750171c3f0346') in 0.011132 seconds 
========================================================================
Received Import Request.
  Time since last request: 0.000011 seconds.
  path: Assets/Packages/Fantasy Interface Sounds/Bag 09.wav
  artifactKey: Guid(f93d927881f4275439c48971484fae80) Importer(815301076,1909f56bfc062723c751e8b465ee728b)
Start importing Assets/Packages/Fantasy Interface Sounds/Bag 09.wav using Guid(f93d927881f4275439c48971484fae80) Importer(815301076,1909f56bfc062723c751e8b465ee728b)  -> (artifact id: 'f280d73a8cc3701acbd451331a5c239a') in 0.010489 seconds 
========================================================================
Received Import Request.
  Time since last request: 0.000012 seconds.
  path: Assets/Packages/Fantasy Interface Sounds/Cards Place 01.wav
  artifactKey: Guid(1483e517b8b83824d962feaae6cc095e) Importer(815301076,1909f56bfc062723c751e8b465ee728b)
Start importing Assets/Packages/Fantasy Interface Sounds/Cards Place 01.wav using Guid(1483e517b8b83824d962feaae6cc095e) Importer(815301076,1909f56bfc062723c751e8b465ee728b)  -> (artifact id: 'fae11d3c346d99921e20034cc04949e4') in 0.010744 seconds 
========================================================================
Received Import Request.
  Time since last request: 0.000013 seconds.
  path: Assets/Packages/Fantasy Interface Sounds/Cards Shuffle 1_10.wav
  artifactKey: Guid(316afc38249f0624dac9b73494c8e9e0) Importer(815301076,1909f56bfc062723c751e8b465ee728b)
Start importing Assets/Packages/Fantasy Interface Sounds/Cards Shuffle 1_10.wav using Guid(316afc38249f0624dac9b73494c8e9e0) Importer(815301076,1909f56bfc062723c751e8b465ee728b)  -> (artifact id: '4b09c0baa3a68569695ea652910cc472') in 0.010238 seconds 
========================================================================
Received Import Request.
  Time since last request: 0.000012 seconds.
  path: Assets/Packages/Fantasy Interface Sounds/Cards Place 02.wav
  artifactKey: Guid(0814025da63a53547995bbde9a464c03) Importer(815301076,1909f56bfc062723c751e8b465ee728b)
Start importing Assets/Packages/Fantasy Interface Sounds/Cards Place 02.wav using Guid(0814025da63a53547995bbde9a464c03) Importer(815301076,1909f56bfc062723c751e8b465ee728b)  -> (artifact id: 'c1b460f468fac44120561cf9defee81a') in 0.011519 seconds 
========================================================================
Received Import Request.
  Time since last request: 0.000015 seconds.
  path: Assets/Packages/Fantasy Interface Sounds/Bag 06.wav
  artifactKey: Guid(04f374e211fe39b4c9a33bea1a663715) Importer(815301076,1909f56bfc062723c751e8b465ee728b)
Start importing Assets/Packages/Fantasy Interface Sounds/Bag 06.wav using Guid(04f374e211fe39b4c9a33bea1a663715) Importer(815301076,1909f56bfc062723c751e8b465ee728b)  -> (artifact id: 'a19f79d8f369811ef74af9bbd13af2b7') in 0.011831 seconds 
========================================================================
Received Import Request.
  Time since last request: 0.000012 seconds.
  path: Assets/Packages/Fantasy Interface Sounds/Cards Place 08.wav
  artifactKey: Guid(425e77eed9938844faa0970efea52ca7) Importer(815301076,1909f56bfc062723c751e8b465ee728b)
Start importing Assets/Packages/Fantasy Interface Sounds/Cards Place 08.wav using Guid(425e77eed9938844faa0970efea52ca7) Importer(815301076,1909f56bfc062723c751e8b465ee728b)  -> (artifact id: '5f54b9456b0f20281e6399b13d73ee6d') in 0.010594 seconds 
========================================================================
Received Import Request.
  Time since last request: 0.000017 seconds.
  path: Assets/Packages/Fantasy Interface Sounds/Blacksmith 06.wav
  artifactKey: Guid(cc8d11326463df743808526af5abcb82) Importer(815301076,1909f56bfc062723c751e8b465ee728b)
Start importing Assets/Packages/Fantasy Interface Sounds/Blacksmith 06.wav using Guid(cc8d11326463df743808526af5abcb82) Importer(815301076,1909f56bfc062723c751e8b465ee728b)  -> (artifact id: 'a02b97441bd05655de54760826c407c5') in 0.011021 seconds 
========================================================================
Received Import Request.
  Time since last request: 0.000015 seconds.
  path: Assets/Packages/Fantasy Interface Sounds/Cards Shuffle 2_01.wav
  artifactKey: Guid(0e7964341eadb8c4d9b94908d1c80b2e) Importer(815301076,1909f56bfc062723c751e8b465ee728b)
Start importing Assets/Packages/Fantasy Interface Sounds/Cards Shuffle 2_01.wav using Guid(0e7964341eadb8c4d9b94908d1c80b2e) Importer(815301076,1909f56bfc062723c751e8b465ee728b)  -> (artifact id: '63b61bf207e4fcc918154b5581398fb3') in 0.011583 seconds 
========================================================================
Received Import Request.
  Time since last request: 0.000016 seconds.
  path: Assets/Packages/Fantasy Interface Sounds/Book 07.wav
  artifactKey: Guid(502913442b93489448dc40acdc766aa7) Importer(815301076,1909f56bfc062723c751e8b465ee728b)
Start importing Assets/Packages/Fantasy Interface Sounds/Book 07.wav using Guid(502913442b93489448dc40acdc766aa7) Importer(815301076,1909f56bfc062723c751e8b465ee728b)  -> (artifact id: '4f0ba2d54228da2dce2a9a4bf2f913f1') in 0.010376 seconds 
========================================================================
Received Import Request.
  Time since last request: 0.000013 seconds.
  path: Assets/Packages/Fantasy Interface Sounds/Cards Shuffle 1_03.wav
  artifactKey: Guid(2ccbc61c12af21a40826f5f22d7ccc65) Importer(815301076,1909f56bfc062723c751e8b465ee728b)
Start importing Assets/Packages/Fantasy Interface Sounds/Cards Shuffle 1_03.wav using Guid(2ccbc61c12af21a40826f5f22d7ccc65) Importer(815301076,1909f56bfc062723c751e8b465ee728b)  -> (artifact id: '8cd08564d5aa6c82ee004601c8af56eb') in 0.011164 seconds 
========================================================================
Received Import Request.
  Time since last request: 0.000011 seconds.
  path: Assets/Packages/Fantasy Interface Sounds/Book 08.wav
  artifactKey: Guid(70c0fc0467f049c44bd7d087c7331e70) Importer(815301076,1909f56bfc062723c751e8b465ee728b)
Start importing Assets/Packages/Fantasy Interface Sounds/Book 08.wav using Guid(70c0fc0467f049c44bd7d087c7331e70) Importer(815301076,1909f56bfc062723c751e8b465ee728b)  -> (artifact id: '44e6ca5ddbc7cad76d7d005706d58743') in 0.011024 seconds 
========================================================================
Received Import Request.
  Time since last request: 0.000013 seconds.
  path: Assets/Packages/Fantasy Interface Sounds/Bag 12.wav
  artifactKey: Guid(d9eb5655605ea1e48924e69332f67859) Importer(815301076,1909f56bfc062723c751e8b465ee728b)
Start importing Assets/Packages/Fantasy Interface Sounds/Bag 12.wav using Guid(d9eb5655605ea1e48924e69332f67859) Importer(815301076,1909f56bfc062723c751e8b465ee728b)  -> (artifact id: 'f80a7d5a8b656d130e9d9c696f42d1bf') in 0.010752 seconds 
========================================================================
Received Import Request.
  Time since last request: 0.000017 seconds.
  path: Assets/Packages/Fantasy Interface Sounds/Cards Shuffle 1_01.wav
  artifactKey: Guid(0feeb9b181f5c1a42b98b9d24cc4b526) Importer(815301076,1909f56bfc062723c751e8b465ee728b)
Start importing Assets/Packages/Fantasy Interface Sounds/Cards Shuffle 1_01.wav using Guid(0feeb9b181f5c1a42b98b9d24cc4b526) Importer(815301076,1909f56bfc062723c751e8b465ee728b)  -> (artifact id: 'cf191304428e2f638cd1d9557d9f5d8e') in 0.011712 seconds 
========================================================================
Received Import Request.
  Time since last request: 0.000018 seconds.
  path: Assets/Packages/Fantasy Interface Sounds/Bag 14.wav
  artifactKey: Guid(56b6958861d288144a0a7ef0ca2b3d21) Importer(815301076,1909f56bfc062723c751e8b465ee728b)
Start importing Assets/Packages/Fantasy Interface Sounds/Bag 14.wav using Guid(56b6958861d288144a0a7ef0ca2b3d21) Importer(815301076,1909f56bfc062723c751e8b465ee728b)  -> (artifact id: 'c82023e912aa7571e11dca2949bba218') in 0.012032 seconds 
========================================================================
Received Import Request.
  Time since last request: 0.000012 seconds.
  path: Assets/Packages/Fantasy Interface Sounds/Book 02.wav
  artifactKey: Guid(73c768d19a6de674ba8a3aa23c3d1d44) Importer(815301076,1909f56bfc062723c751e8b465ee728b)
Start importing Assets/Packages/Fantasy Interface Sounds/Book 02.wav using Guid(73c768d19a6de674ba8a3aa23c3d1d44) Importer(815301076,1909f56bfc062723c751e8b465ee728b)  -> (artifact id: 'ded124c2afff60a82521126200521e9e') in 0.010439 seconds 
========================================================================
Received Import Request.
  Time since last request: 0.000013 seconds.
  path: Assets/Packages/Fantasy Interface Sounds/Bag 03.wav
  artifactKey: Guid(1c0d0263a07b67a44960535e844d9b83) Importer(815301076,1909f56bfc062723c751e8b465ee728b)
Start importing Assets/Packages/Fantasy Interface Sounds/Bag 03.wav using Guid(1c0d0263a07b67a44960535e844d9b83) Importer(815301076,1909f56bfc062723c751e8b465ee728b)  -> (artifact id: '175ad15db61f7d2c8070c530b8eec8a9') in 0.010896 seconds 
========================================================================
Received Import Request.
  Time since last request: 0.000012 seconds.
  path: Assets/Packages/Fantasy Interface Sounds/Blacksmith 01.wav
  artifactKey: Guid(36424198f3d92ae4da1a782b988f36c0) Importer(815301076,1909f56bfc062723c751e8b465ee728b)
Start importing Assets/Packages/Fantasy Interface Sounds/Blacksmith 01.wav using Guid(36424198f3d92ae4da1a782b988f36c0) Importer(815301076,1909f56bfc062723c751e8b465ee728b)  -> (artifact id: 'fd10caefea2e3fe695296676f1260d96') in 0.011281 seconds 
========================================================================
Received Import Request.
  Time since last request: 0.000018 seconds.
  path: Assets/Packages/Fantasy Interface Sounds/Blacksmith 07.wav
  artifactKey: Guid(8c165523270a4d849b7dc34370296570) Importer(815301076,1909f56bfc062723c751e8b465ee728b)
Start importing Assets/Packages/Fantasy Interface Sounds/Blacksmith 07.wav using Guid(8c165523270a4d849b7dc34370296570) Importer(815301076,1909f56bfc062723c751e8b465ee728b)  -> (artifact id: '8661d192b632dac47793ef400e4232fd') in 0.011527 seconds 
========================================================================
Received Import Request.
  Time since last request: 0.000013 seconds.
  path: Assets/Packages/Fantasy Interface Sounds/Book 03.wav
  artifactKey: Guid(931d5ef14de7d584eaba53b916128055) Importer(815301076,1909f56bfc062723c751e8b465ee728b)
Start importing Assets/Packages/Fantasy Interface Sounds/Book 03.wav using Guid(931d5ef14de7d584eaba53b916128055) Importer(815301076,1909f56bfc062723c751e8b465ee728b)  -> (artifact id: 'e11bd5f8319ca74041fb751314c12437') in 0.011285 seconds 
========================================================================
Received Import Request.
  Time since last request: 0.000010 seconds.
  path: Assets/Packages/Fantasy Interface Sounds/Cards Shuffle 1_08.wav
  artifactKey: Guid(beacc1fc01f74234c81994ce2ce035bf) Importer(815301076,1909f56bfc062723c751e8b465ee728b)
Start importing Assets/Packages/Fantasy Interface Sounds/Cards Shuffle 1_08.wav using Guid(beacc1fc01f74234c81994ce2ce035bf) Importer(815301076,1909f56bfc062723c751e8b465ee728b)  -> (artifact id: '48069c1a76ef4ac575ef89d5b024041d') in 0.011187 seconds 
Editor requested this worker to shutdown with reason: Scaling down because of idle timeout
AssetImportWorker is now disconnected from the server
Process exiting
Exiting without the bug reporter. Application will terminate with return code 0