Using pre-set license
Built from '2021.2/staging' branch; Version is '2021.2.4f1 (99ba6aa4c552) revision 10074730'; Using compiler version '192829333'; Build Type 'Release'
OS: 'Windows 10 Home; OS build 19044.1706; Version 2009; 64bit' Language: 'en' Physical Memory: 32611 MB
BatchMode: 1, IsHumanControllingUs: 0, StartBugReporterOnCrash: 0, Is64bit: 1, IsPro: 0

COMMAND LINE ARGUMENTS:
C:\Program Files\Unity\Hub\Editor\2021.2.4f1\Editor\Unity.exe
-adb2
-batchMode
-noUpm
-name
AssetImportWorker0
-projectPath
D:/DigiPen/6_2022_Spring/DES303/Rites-of-Freedom/Rites of Freedom Unity Project
-logFile
Logs/AssetImportWorker0.log
-srvPort
64685
Successfully changed project path to: D:/DigiPen/6_2022_Spring/DES303/Rites-of-Freedom/Rites of Freedom Unity Project
D:/DigiPen/6_2022_Spring/DES303/Rites-of-Freedom/Rites of Freedom Unity Project
[UnityMemory] Configuration Parameters - Can be set up in boot.config
    "memorysetup-bucket-allocator-granularity=16"
    "memorysetup-bucket-allocator-bucket-count=8"
    "memorysetup-bucket-allocator-block-size=33554432"
    "memorysetup-bucket-allocator-block-count=8"
    "memorysetup-main-allocator-block-size=16777216"
    "memorysetup-thread-allocator-block-size=16777216"
    "memorysetup-gfx-main-allocator-block-size=16777216"
    "memorysetup-gfx-thread-allocator-block-size=16777216"
    "memorysetup-cache-allocator-block-size=4194304"
    "memorysetup-typetree-allocator-block-size=2097152"
    "memorysetup-profiler-bucket-allocator-granularity=16"
    "memorysetup-profiler-bucket-allocator-bucket-count=8"
    "memorysetup-profiler-bucket-allocator-block-size=33554432"
    "memorysetup-profiler-bucket-allocator-block-count=8"
    "memorysetup-profiler-allocator-block-size=16777216"
    "memorysetup-profiler-editor-allocator-block-size=1048576"
    "memorysetup-temp-allocator-size-main=16777216"
    "memorysetup-job-temp-allocator-block-size=2097152"
    "memorysetup-job-temp-allocator-block-size-background=1048576"
    "memorysetup-job-temp-allocator-reduction-small-platforms=262144"
    "memorysetup-temp-allocator-size-background-worker=32768"
    "memorysetup-temp-allocator-size-job-worker=262144"
    "memorysetup-temp-allocator-size-preload-manager=33554432"
    "memorysetup-temp-allocator-size-nav-mesh-worker=65536"
    "memorysetup-temp-allocator-size-audio-worker=65536"
    "memorysetup-temp-allocator-size-cloud-worker=32768"
    "memorysetup-temp-allocator-size-gi-baking-worker=262144"
    "memorysetup-temp-allocator-size-gfx=262144"
Refreshing native plugins compatible for Editor in 50.05 ms, found 3 plugins.
Preloading 0 native plugins for Editor in 0.00 ms.
Initialize engine version: 2021.2.4f1 (99ba6aa4c552)
[Subsystems] Discovering subsystems at path C:/Program Files/Unity/Hub/Editor/2021.2.4f1/Editor/Data/Resources/UnitySubsystems
[Subsystems] Discovering subsystems at path D:/DigiPen/6_2022_Spring/DES303/Rites-of-Freedom/Rites of Freedom Unity Project/Assets
GfxDevice: creating device client; threaded=0; jobified=0
Direct3D:
    Version:  Direct3D 11.0 [level 11.1]
    Renderer: NVIDIA GeForce GTX 1070 Ti (ID=0x1b82)
    Vendor:   NVIDIA
    VRAM:     8079 MB
    Driver:   30.0.15.1179
Initialize mono
Mono path[0] = 'C:/Program Files/Unity/Hub/Editor/2021.2.4f1/Editor/Data/Managed'
Mono path[1] = 'C:/Program Files/Unity/Hub/Editor/2021.2.4f1/Editor/Data/MonoBleedingEdge/lib/mono/unityjit-win32'
Mono config path = 'C:/Program Files/Unity/Hub/Editor/2021.2.4f1/Editor/Data/MonoBleedingEdge/etc'
Using monoOptions --debugger-agent=transport=dt_socket,embedding=1,server=y,suspend=n,address=127.0.0.1:56460
Begin MonoManager ReloadAssembly
Registering precompiled unity dll's ...
Register platform support module: C:/Program Files/Unity/Hub/Editor/2021.2.4f1/Editor/Data/PlaybackEngines/WindowsStandaloneSupport/UnityEditor.WindowsStandalone.Extensions.dll
Registered in 0.005065 seconds.
Native extension for WindowsStandalone target not found
Refreshing native plugins compatible for Editor in 47.74 ms, found 3 plugins.
Preloading 0 native plugins for Editor in 0.00 ms.
Mono: successfully reloaded assembly
- Completed reload, in  0.460 seconds
Domain Reload Profiling:
	ReloadAssembly (461ms)
		BeginReloadAssembly (54ms)
			ExecutionOrderSort (0ms)
			DisableScriptedObjects (0ms)
			BackupInstance (0ms)
			ReleaseScriptingObjects (0ms)
			CreateAndSetChildDomain (1ms)
		EndReloadAssembly (346ms)
			LoadAssemblies (53ms)
			RebuildTransferFunctionScriptingTraits (0ms)
			SetupTypeCache (77ms)
			ReleaseScriptCaches (0ms)
			RebuildScriptCaches (22ms)
			SetupLoadedEditorAssemblies (206ms)
				LogAssemblyErrors (0ms)
				InitializePlatformSupportModulesInManaged (12ms)
				SetLoadedEditorAssemblies (0ms)
				RefreshPlugins (48ms)
				BeforeProcessingInitializeOnLoad (1ms)
				ProcessInitializeOnLoadAttributes (110ms)
				ProcessInitializeOnLoadMethodAttributes (36ms)
				AfterProcessingInitializeOnLoad (0ms)
				EditorAssembliesLoaded (0ms)
			ExecutionOrderSort2 (0ms)
			AwakeInstancesAfterBackupRestoration (0ms)
Platform modules already initialized, skipping
Registering precompiled user dll's ...
Registered in 0.002938 seconds.
Begin MonoManager ReloadAssembly
Native extension for WindowsStandalone target not found
Refreshing native plugins compatible for Editor in 46.92 ms, found 3 plugins.
Preloading 0 native plugins for Editor in 0.00 ms.
Mono: successfully reloaded assembly
- Completed reload, in  1.225 seconds
Domain Reload Profiling:
	ReloadAssembly (1226ms)
		BeginReloadAssembly (129ms)
			ExecutionOrderSort (0ms)
			DisableScriptedObjects (5ms)
			BackupInstance (0ms)
			ReleaseScriptingObjects (0ms)
			CreateAndSetChildDomain (14ms)
		EndReloadAssembly (1024ms)
			LoadAssemblies (57ms)
			RebuildTransferFunctionScriptingTraits (0ms)
			SetupTypeCache (149ms)
			ReleaseScriptCaches (0ms)
			RebuildScriptCaches (42ms)
			SetupLoadedEditorAssemblies (694ms)
				LogAssemblyErrors (0ms)
				InitializePlatformSupportModulesInManaged (8ms)
				SetLoadedEditorAssemblies (0ms)
				RefreshPlugins (47ms)
				BeforeProcessingInitializeOnLoad (52ms)
				ProcessInitializeOnLoadAttributes (556ms)
				ProcessInitializeOnLoadMethodAttributes (25ms)
				AfterProcessingInitializeOnLoad (6ms)
				EditorAssembliesLoaded (0ms)
			ExecutionOrderSort2 (0ms)
			AwakeInstancesAfterBackupRestoration (4ms)
Platform modules already initialized, skipping
========================================================================
Worker process is ready to serve import requests
Launched and connected shader compiler UnityShaderCompiler.exe after 0.04 seconds
Refreshing native plugins compatible for Editor in 0.67 ms, found 3 plugins.
Preloading 0 native plugins for Editor in 0.00 ms.
Unloading 2421 Unused Serialized files (Serialized files now loaded: 0)
Unloading 37 unused Assets / (56.8 KB). Loaded Objects now: 2889.
Memory consumption went from 192.3 MB to 192.3 MB.
Total: 2.364800 ms (FindLiveObjects: 0.167600 ms CreateObjectMapping: 0.116300 ms MarkObjects: 2.026000 ms  DeleteObjects: 0.054100 ms)

AssetImportParameters requested are different than current active one (requested -> active):
  custom:video-decoder-ogg-theora: a1e56fd34408186e4bbccfd4996cb3dc -> 
  custom:container-muxer-webm: aa71ff27fc2769a1b78a27578f13a17b -> 
  custom:container-demuxer-webm: 4f35f7cbe854078d1ac9338744f61a02 -> 
  custom:video-encoder-webm-vp8: eb34c28f22e8b96e1ab97ce403110664 -> 
  custom:audio-encoder-webm-vorbis: bf7c407c2cedff20999df2af8eb42d56 -> 
  custom:framework-win-MediaFoundation: 216162199b28c13a410421893ffa2e32 -> 
  custom:container-demuxer-ogg: 62fdf1f143b41e24485cea50d1cbac27 -> 
  custom:video-decoder-webm-vp8: 9c59270c3fd7afecdb556c50c9e8de78 -> 
  custom:audio-decoder-ogg-vorbis: bf7c407c2cedff20999df2af8eb42d56 -> 
========================================================================
Received Import Request.
  Time since last request: 156416.144535 seconds.
  path: Assets/Fantasy_Ambience_Sounds_Pack
  artifactKey: Guid(daf9f8bd6be6ed140adb70763f9717cc) Importer(815301076,1909f56bfc062723c751e8b465ee728b)
Start importing Assets/Fantasy_Ambience_Sounds_Pack using Guid(daf9f8bd6be6ed140adb70763f9717cc) Importer(815301076,1909f56bfc062723c751e8b465ee728b)  -> (artifact id: '35c44dadd41d1f887033a98dd4119f4b') in 0.006126 seconds 
========================================================================
Received Import Request.
  Time since last request: 19.054158 seconds.
  path: Assets/Packages/Bandits - Pixel Art/Sprites
  artifactKey: Guid(9a78476a3a5328641be59096a0f53e7f) Importer(815301076,1909f56bfc062723c751e8b465ee728b)
Start importing Assets/Packages/Bandits - Pixel Art/Sprites using Guid(9a78476a3a5328641be59096a0f53e7f) Importer(815301076,1909f56bfc062723c751e8b465ee728b)  -> (artifact id: '9a97295b48e7fbcd676383116c958b4b') in 0.004619 seconds 
========================================================================
Received Import Request.
  Time since last request: 0.398453 seconds.
  path: Assets/Packages/Bandits - Pixel Art/Animations
  artifactKey: Guid(5b4588478efd7c244b598df63562b79f) Importer(815301076,1909f56bfc062723c751e8b465ee728b)
Start importing Assets/Packages/Bandits - Pixel Art/Animations using Guid(5b4588478efd7c244b598df63562b79f) Importer(815301076,1909f56bfc062723c751e8b465ee728b)  -> (artifact id: '7f31f7e546b7c82d90803ee760cdc2e3') in 0.005695 seconds 
========================================================================
Received Import Request.
  Time since last request: 9.377884 seconds.
  path: Assets/Packages/Fantasy Battle Music Free Pack/Bonus Theme 3 Evil Alchemy.ogg
  artifactKey: Guid(ddf98027ea12d894c9990d4098e7c7ec) Importer(815301076,1909f56bfc062723c751e8b465ee728b)
Start importing Assets/Packages/Fantasy Battle Music Free Pack/Bonus Theme 3 Evil Alchemy.ogg using Guid(ddf98027ea12d894c9990d4098e7c7ec) Importer(815301076,1909f56bfc062723c751e8b465ee728b)  -> (artifact id: 'ce6036c8ad28e707ab9dd61022c2af2e') in 0.090353 seconds 
========================================================================
Received Import Request.
  Time since last request: 0.000014 seconds.
  path: Assets/Packages/Fantasy Battle Music Free Pack/Loop 2 Primal Combat.ogg
  artifactKey: Guid(ac54384321c8ec242803c9f6d2475c9f) Importer(815301076,1909f56bfc062723c751e8b465ee728b)
Start importing Assets/Packages/Fantasy Battle Music Free Pack/Loop 2 Primal Combat.ogg using Guid(ac54384321c8ec242803c9f6d2475c9f) Importer(815301076,1909f56bfc062723c751e8b465ee728b)  -> (artifact id: 'b3363cf4f3bbbeaa048ba9f5c36931e5') in 0.013082 seconds 
========================================================================
Received Import Request.
  Time since last request: 96.802749 seconds.
  path: Assets/Packages/Fantasy Battle Music Free Pack/Music Update 1.1/Primal (Bonus Theme).ogg
  artifactKey: Guid(10b9e1a2fbca779428f8a2dc52e9ece2) Importer(815301076,1909f56bfc062723c751e8b465ee728b)
Start importing Assets/Packages/Fantasy Battle Music Free Pack/Music Update 1.1/Primal (Bonus Theme).ogg using Guid(10b9e1a2fbca779428f8a2dc52e9ece2) Importer(815301076,1909f56bfc062723c751e8b465ee728b)  -> (artifact id: '7a99748b776b638fa5dba5780138c365') in 0.010894 seconds 
========================================================================
Received Import Request.
  Time since last request: 20.106153 seconds.
  path: Assets/Packages/Fantasy Interface Sounds/Bag 01.wav
  artifactKey: Guid(bf2bc9c55ed0e6240afe76a1ed889857) Importer(815301076,1909f56bfc062723c751e8b465ee728b)
Start importing Assets/Packages/Fantasy Interface Sounds/Bag 01.wav using Guid(bf2bc9c55ed0e6240afe76a1ed889857) Importer(815301076,1909f56bfc062723c751e8b465ee728b)  -> (artifact id: '97e82dd43cf092b827a793949a196529') in 0.014728 seconds 
========================================================================
Received Import Request.
  Time since last request: 0.000012 seconds.
  path: Assets/Packages/Fantasy Interface Sounds/Blacksmith 08.wav
  artifactKey: Guid(1e1796f9058c10a45ad864e178a90306) Importer(815301076,1909f56bfc062723c751e8b465ee728b)
Start importing Assets/Packages/Fantasy Interface Sounds/Blacksmith 08.wav using Guid(1e1796f9058c10a45ad864e178a90306) Importer(815301076,1909f56bfc062723c751e8b465ee728b)  -> (artifact id: 'c43d23eb4215ed0e49884caf74d57d8c') in 0.010712 seconds 
========================================================================
Received Import Request.
  Time since last request: 0.000016 seconds.
  path: Assets/Packages/Fantasy Interface Sounds/Book 01.wav
  artifactKey: Guid(e67a6cf0f137569419ac01a0b822d44a) Importer(815301076,1909f56bfc062723c751e8b465ee728b)
Start importing Assets/Packages/Fantasy Interface Sounds/Book 01.wav using Guid(e67a6cf0f137569419ac01a0b822d44a) Importer(815301076,1909f56bfc062723c751e8b465ee728b)  -> (artifact id: 'a75e02b5864e08ba7f6bb2f0f3bcf021') in 0.010939 seconds 
========================================================================
Received Import Request.
  Time since last request: 0.000011 seconds.
  path: Assets/Packages/Fantasy Interface Sounds/Bag 15.wav
  artifactKey: Guid(e7f069a21c7ff4e459f69c7e8fcbeec1) Importer(815301076,1909f56bfc062723c751e8b465ee728b)
Start importing Assets/Packages/Fantasy Interface Sounds/Bag 15.wav using Guid(e7f069a21c7ff4e459f69c7e8fcbeec1) Importer(815301076,1909f56bfc062723c751e8b465ee728b)  -> (artifact id: 'badddbd1df539e4e20957593cdadd81a') in 0.010727 seconds 
========================================================================
Received Import Request.
  Time since last request: 0.000013 seconds.
  path: Assets/Packages/Fantasy Interface Sounds/Cards Place 09.wav
  artifactKey: Guid(73ad563366170384ca1ddd81edcea392) Importer(815301076,1909f56bfc062723c751e8b465ee728b)
Start importing Assets/Packages/Fantasy Interface Sounds/Cards Place 09.wav using Guid(73ad563366170384ca1ddd81edcea392) Importer(815301076,1909f56bfc062723c751e8b465ee728b)  -> (artifact id: 'aa7984f197b7c482320cae0d1d69e054') in 0.010628 seconds 
========================================================================
Received Import Request.
  Time since last request: 0.000015 seconds.
  path: Assets/Packages/Fantasy Interface Sounds/Cards Shuffle 1_02.wav
  artifactKey: Guid(0b3582cabdef29849866498ec8b0f5fe) Importer(815301076,1909f56bfc062723c751e8b465ee728b)
Start importing Assets/Packages/Fantasy Interface Sounds/Cards Shuffle 1_02.wav using Guid(0b3582cabdef29849866498ec8b0f5fe) Importer(815301076,1909f56bfc062723c751e8b465ee728b)  -> (artifact id: 'c47e3f9c09f44d485cd2c4b5e3630c12') in 0.011293 seconds 
========================================================================
Received Import Request.
  Time since last request: 0.000012 seconds.
  path: Assets/Packages/Fantasy Interface Sounds/Blacksmith 05.wav
  artifactKey: Guid(6e590839e2b989840bd8c8a88eb474b7) Importer(815301076,1909f56bfc062723c751e8b465ee728b)
Start importing Assets/Packages/Fantasy Interface Sounds/Blacksmith 05.wav using Guid(6e590839e2b989840bd8c8a88eb474b7) Importer(815301076,1909f56bfc062723c751e8b465ee728b)  -> (artifact id: '88a12cbf21a2429c6b662839e51216fd') in 0.010717 seconds 
========================================================================
Received Import Request.
  Time since last request: 0.000011 seconds.
  path: Assets/Packages/Fantasy Interface Sounds/Cards Place 06.wav
  artifactKey: Guid(ab9c1896dc25bd0468bdcf0d98627369) Importer(815301076,1909f56bfc062723c751e8b465ee728b)
Start importing Assets/Packages/Fantasy Interface Sounds/Cards Place 06.wav using Guid(ab9c1896dc25bd0468bdcf0d98627369) Importer(815301076,1909f56bfc062723c751e8b465ee728b)  -> (artifact id: '39366eefb7cd55efc7a5515a947946c5') in 0.009659 seconds 
========================================================================
Received Import Request.
  Time since last request: 0.000011 seconds.
  path: Assets/Packages/Fantasy Interface Sounds/Cards Place 04.wav
  artifactKey: Guid(43c04aa0fda48484b89aaa541c7e38ed) Importer(815301076,1909f56bfc062723c751e8b465ee728b)
Start importing Assets/Packages/Fantasy Interface Sounds/Cards Place 04.wav using Guid(43c04aa0fda48484b89aaa541c7e38ed) Importer(815301076,1909f56bfc062723c751e8b465ee728b)  -> (artifact id: '3befee33d9e0fec82485a26248d3c929') in 0.011206 seconds 
========================================================================
Received Import Request.
  Time since last request: 0.000011 seconds.
  path: Assets/Packages/Fantasy Interface Sounds/Book 04.wav
  artifactKey: Guid(a6220f66e6d283e409e625a60cc7fb5b) Importer(815301076,1909f56bfc062723c751e8b465ee728b)
Start importing Assets/Packages/Fantasy Interface Sounds/Book 04.wav using Guid(a6220f66e6d283e409e625a60cc7fb5b) Importer(815301076,1909f56bfc062723c751e8b465ee728b)  -> (artifact id: 'c977c606db4d2b7b7cdf323dcde40710') in 0.011149 seconds 
========================================================================
Received Import Request.
  Time since last request: 0.000012 seconds.
  path: Assets/Packages/Fantasy Interface Sounds/Cards Place 03.wav
  artifactKey: Guid(8f773633967d9ec499874751802fc19b) Importer(815301076,1909f56bfc062723c751e8b465ee728b)
Start importing Assets/Packages/Fantasy Interface Sounds/Cards Place 03.wav using Guid(8f773633967d9ec499874751802fc19b) Importer(815301076,1909f56bfc062723c751e8b465ee728b)  -> (artifact id: '81f66734dc3d90196c3f48fa2facaddd') in 0.010632 seconds 
========================================================================
Received Import Request.
  Time since last request: 0.000013 seconds.
  path: Assets/Packages/Fantasy Interface Sounds/Cards Shuffle 1_09.wav
  artifactKey: Guid(5e070a885aebac944a3a466194abda96) Importer(815301076,1909f56bfc062723c751e8b465ee728b)
Start importing Assets/Packages/Fantasy Interface Sounds/Cards Shuffle 1_09.wav using Guid(5e070a885aebac944a3a466194abda96) Importer(815301076,1909f56bfc062723c751e8b465ee728b)  -> (artifact id: '2e85d86cafaf6a6cdd82feaff322b358') in 0.010862 seconds 
========================================================================
Received Import Request.
  Time since last request: 0.000012 seconds.
  path: Assets/Packages/Fantasy Interface Sounds/Blacksmith 04.wav
  artifactKey: Guid(e156459909b054d47b2c553d7e068188) Importer(815301076,1909f56bfc062723c751e8b465ee728b)
Start importing Assets/Packages/Fantasy Interface Sounds/Blacksmith 04.wav using Guid(e156459909b054d47b2c553d7e068188) Importer(815301076,1909f56bfc062723c751e8b465ee728b)  -> (artifact id: '367024835e5197ba8632a04c82d52a4b') in 0.010624 seconds 
========================================================================
Received Import Request.
  Time since last request: 0.000011 seconds.
  path: Assets/Packages/Fantasy Interface Sounds/Cards Shuffle 1_06.wav
  artifactKey: Guid(6cd76748591ebb74fa33556b95079f95) Importer(815301076,1909f56bfc062723c751e8b465ee728b)
Start importing Assets/Packages/Fantasy Interface Sounds/Cards Shuffle 1_06.wav using Guid(6cd76748591ebb74fa33556b95079f95) Importer(815301076,1909f56bfc062723c751e8b465ee728b)  -> (artifact id: '811fda1bd8c855010fe3a0b88b353bb4') in 0.011655 seconds 
========================================================================
Received Import Request.
  Time since last request: 0.000014 seconds.
  path: Assets/Packages/Fantasy Interface Sounds/Book 09.wav
  artifactKey: Guid(85dd1e0a25c6e0d4f9f8004786ff6a88) Importer(815301076,1909f56bfc062723c751e8b465ee728b)
Start importing Assets/Packages/Fantasy Interface Sounds/Book 09.wav using Guid(85dd1e0a25c6e0d4f9f8004786ff6a88) Importer(815301076,1909f56bfc062723c751e8b465ee728b)  -> (artifact id: '26e38322a859e6be64ac1e3029645bc1') in 0.011557 seconds 
========================================================================
Received Import Request.
  Time since last request: 0.000010 seconds.
  path: Assets/Packages/Fantasy Interface Sounds/Cards Place 10.wav
  artifactKey: Guid(9dc492b7df4a12d478ca80511b3ff8b0) Importer(815301076,1909f56bfc062723c751e8b465ee728b)
Start importing Assets/Packages/Fantasy Interface Sounds/Cards Place 10.wav using Guid(9dc492b7df4a12d478ca80511b3ff8b0) Importer(815301076,1909f56bfc062723c751e8b465ee728b)  -> (artifact id: '532fffc7dd9aa3da28dfc0836f164297') in 0.010370 seconds 
========================================================================
Received Import Request.
  Time since last request: 0.000014 seconds.
  path: Assets/Packages/Fantasy Interface Sounds/Bag 13.wav
  artifactKey: Guid(452ae15093a0e3243a14969a0991c2b1) Importer(815301076,1909f56bfc062723c751e8b465ee728b)
Start importing Assets/Packages/Fantasy Interface Sounds/Bag 13.wav using Guid(452ae15093a0e3243a14969a0991c2b1) Importer(815301076,1909f56bfc062723c751e8b465ee728b)  -> (artifact id: '030f98f98505d8788255bb19c963e0d9') in 0.010775 seconds 
========================================================================
Received Import Request.
  Time since last request: 0.000012 seconds.
  path: Assets/Packages/Fantasy Interface Sounds/Cards Shuffle 1_07.wav
  artifactKey: Guid(4fa642314bddac041a55ce40f2232594) Importer(815301076,1909f56bfc062723c751e8b465ee728b)
Start importing Assets/Packages/Fantasy Interface Sounds/Cards Shuffle 1_07.wav using Guid(4fa642314bddac041a55ce40f2232594) Importer(815301076,1909f56bfc062723c751e8b465ee728b)  -> (artifact id: '85badf516930ff9e5a25007ef30e961c') in 0.011335 seconds 
========================================================================
Received Import Request.
  Time since last request: 0.000018 seconds.
  path: Assets/Packages/Fantasy Interface Sounds/Cards Shuffle 2_05.wav
  artifactKey: Guid(bd046cafed68db245b5a0ed665dc32f3) Importer(815301076,1909f56bfc062723c751e8b465ee728b)
Start importing Assets/Packages/Fantasy Interface Sounds/Cards Shuffle 2_05.wav using Guid(bd046cafed68db245b5a0ed665dc32f3) Importer(815301076,1909f56bfc062723c751e8b465ee728b)  -> (artifact id: 'cb5335853106bdd3529892d5d5f1b713') in 0.010723 seconds 
========================================================================
Received Import Request.
  Time since last request: 0.000011 seconds.
  path: Assets/Packages/Fantasy Interface Sounds/Bag 05.wav
  artifactKey: Guid(60e368157d0889e41bd354a995701c13) Importer(815301076,1909f56bfc062723c751e8b465ee728b)
Start importing Assets/Packages/Fantasy Interface Sounds/Bag 05.wav using Guid(60e368157d0889e41bd354a995701c13) Importer(815301076,1909f56bfc062723c751e8b465ee728b)  -> (artifact id: 'b6d5236a1a68be90a3f91483ec3b8238') in 0.010519 seconds 
========================================================================
Received Import Request.
  Time since last request: 0.000012 seconds.
  path: Assets/Packages/Fantasy Interface Sounds/Blacksmith 02.wav
  artifactKey: Guid(db390523eafaa5441acda5e8d9488194) Importer(815301076,1909f56bfc062723c751e8b465ee728b)
Start importing Assets/Packages/Fantasy Interface Sounds/Blacksmith 02.wav using Guid(db390523eafaa5441acda5e8d9488194) Importer(815301076,1909f56bfc062723c751e8b465ee728b)  -> (artifact id: '72b2d9fb0ffed369cd1a35a2c05e64f6') in 0.010999 seconds 
========================================================================
Received Import Request.
  Time since last request: 0.000012 seconds.
  path: Assets/Packages/Fantasy Interface Sounds/Cards Place 07.wav
  artifactKey: Guid(b9fcfbbcf1a70fc49801ab58e3f06e99) Importer(815301076,1909f56bfc062723c751e8b465ee728b)
Start importing Assets/Packages/Fantasy Interface Sounds/Cards Place 07.wav using Guid(b9fcfbbcf1a70fc49801ab58e3f06e99) Importer(815301076,1909f56bfc062723c751e8b465ee728b)  -> (artifact id: '8aa37ffb83f34a9ee3b4ec4d7ca6d7ad') in 0.011023 seconds 
========================================================================
Received Import Request.
  Time since last request: 0.000012 seconds.
  path: Assets/Packages/Fantasy Interface Sounds/Cards Shuffle 2_02.wav
  artifactKey: Guid(ebb00938664a5d74dbcae4a80b5645ab) Importer(815301076,1909f56bfc062723c751e8b465ee728b)
Start importing Assets/Packages/Fantasy Interface Sounds/Cards Shuffle 2_02.wav using Guid(ebb00938664a5d74dbcae4a80b5645ab) Importer(815301076,1909f56bfc062723c751e8b465ee728b)  -> (artifact id: '3c48944d35f5cc6d47c971f1357bc083') in 0.012388 seconds 
========================================================================
Received Import Request.
  Time since last request: 0.000013 seconds.
  path: Assets/Packages/Fantasy Interface Sounds/Blacksmith 09.wav
  artifactKey: Guid(35bddcc1686df3c44bd8ed80ab52d695) Importer(815301076,1909f56bfc062723c751e8b465ee728b)
Start importing Assets/Packages/Fantasy Interface Sounds/Blacksmith 09.wav using Guid(35bddcc1686df3c44bd8ed80ab52d695) Importer(815301076,1909f56bfc062723c751e8b465ee728b)  -> (artifact id: '9556f166979d2cbf53950419b468a132') in 0.010827 seconds 
========================================================================
Received Import Request.
  Time since last request: 0.000013 seconds.
  path: Assets/Packages/Fantasy Interface Sounds/Bag 08.wav
  artifactKey: Guid(90136128a0495e248a96cd75a8c12425) Importer(815301076,1909f56bfc062723c751e8b465ee728b)
Start importing Assets/Packages/Fantasy Interface Sounds/Bag 08.wav using Guid(90136128a0495e248a96cd75a8c12425) Importer(815301076,1909f56bfc062723c751e8b465ee728b)  -> (artifact id: '27760fc9324ab752044b2e106dabd67c') in 0.011139 seconds 
========================================================================
Received Import Request.
  Time since last request: 0.000017 seconds.
  path: Assets/Packages/Fantasy Interface Sounds/Book 06.wav
  artifactKey: Guid(f39689811f7c2a04596dd843c632aa26) Importer(815301076,1909f56bfc062723c751e8b465ee728b)
Start importing Assets/Packages/Fantasy Interface Sounds/Book 06.wav using Guid(f39689811f7c2a04596dd843c632aa26) Importer(815301076,1909f56bfc062723c751e8b465ee728b)  -> (artifact id: 'ac3492814816361829a8c992941abd5e') in 0.011143 seconds 
========================================================================
Received Import Request.
  Time since last request: 0.000013 seconds.
  path: Assets/Packages/Fantasy Interface Sounds/Cards Shuffle 1_05.wav
  artifactKey: Guid(748be65378141b24da292a570b805df3) Importer(815301076,1909f56bfc062723c751e8b465ee728b)
Start importing Assets/Packages/Fantasy Interface Sounds/Cards Shuffle 1_05.wav using Guid(748be65378141b24da292a570b805df3) Importer(815301076,1909f56bfc062723c751e8b465ee728b)  -> (artifact id: '6c78c7156f65bb1bc2001feaf15d4a84') in 0.011205 seconds 
========================================================================
Received Import Request.
  Time since last request: 0.000023 seconds.
  path: Assets/Packages/Fantasy Interface Sounds/Cards Shuffle 2_04.wav
  artifactKey: Guid(c923c75b0f9122f458d0b39f18dc2a0b) Importer(815301076,1909f56bfc062723c751e8b465ee728b)
Start importing Assets/Packages/Fantasy Interface Sounds/Cards Shuffle 2_04.wav using Guid(c923c75b0f9122f458d0b39f18dc2a0b) Importer(815301076,1909f56bfc062723c751e8b465ee728b)  -> (artifact id: '9658512af7986586f8b7172b7641a14d') in 0.011112 seconds 
========================================================================
Received Import Request.
  Time since last request: 0.000013 seconds.
  path: Assets/Packages/Fantasy Interface Sounds/Bag 10.wav
  artifactKey: Guid(090c30e890d080a40b75a499a4858406) Importer(815301076,1909f56bfc062723c751e8b465ee728b)
Start importing Assets/Packages/Fantasy Interface Sounds/Bag 10.wav using Guid(090c30e890d080a40b75a499a4858406) Importer(815301076,1909f56bfc062723c751e8b465ee728b)  -> (artifact id: '7052740a22b11a5db61e5d5cb2d768e0') in 0.011426 seconds 
========================================================================
Received Import Request.
  Time since last request: 0.000013 seconds.
  path: Assets/Packages/Fantasy Interface Sounds/Book 05.wav
  artifactKey: Guid(0dd7d4f4abaf9eb45b57167c7e736e47) Importer(815301076,1909f56bfc062723c751e8b465ee728b)
Start importing Assets/Packages/Fantasy Interface Sounds/Book 05.wav using Guid(0dd7d4f4abaf9eb45b57167c7e736e47) Importer(815301076,1909f56bfc062723c751e8b465ee728b)  -> (artifact id: '6ed9c672acd0fc53ec6a337bde2663ae') in 0.011310 seconds 
Editor requested this worker to shutdown with reason: Scaling down because of idle timeout
AssetImportWorker is now disconnected from the server
Process exiting
Exiting without the bug reporter. Application will terminate with return code 0