Using pre-set license
Built from '2021.2/staging' branch; Version is '2021.2.4f1 (99ba6aa4c552) revision 10074730'; Using compiler version '192829333'; Build Type 'Release'
OS: 'Windows 10 Home; OS build 19044.1586; Version 2009; 64bit' Language: 'en' Physical Memory: 32611 MB
BatchMode: 1, IsHumanControllingUs: 0, StartBugReporterOnCrash: 0, Is64bit: 1, IsPro: 0

COMMAND LINE ARGUMENTS:
C:\Program Files\Unity\Hub\Editor\2021.2.4f1\Editor\Unity.exe
-adb2
-batchMode
-noUpm
-name
AssetImportWorker6
-projectPath
D:/DigiPen/6_2022_Spring/DES303/Rites-of-Freedom/Rites of Freedom Unity Project
-logFile
Logs/AssetImportWorker6.log
-srvPort
60509
Successfully changed project path to: D:/DigiPen/6_2022_Spring/DES303/Rites-of-Freedom/Rites of Freedom Unity Project
D:/DigiPen/6_2022_Spring/DES303/Rites-of-Freedom/Rites of Freedom Unity Project
[UnityMemory] Configuration Parameters - Can be set up in boot.config
    "memorysetup-bucket-allocator-granularity=16"
    "memorysetup-bucket-allocator-bucket-count=8"
    "memorysetup-bucket-allocator-block-size=33554432"
    "memorysetup-bucket-allocator-block-count=8"
    "memorysetup-main-allocator-block-size=16777216"
    "memorysetup-thread-allocator-block-size=16777216"
    "memorysetup-gfx-main-allocator-block-size=16777216"
    "memorysetup-gfx-thread-allocator-block-size=16777216"
    "memorysetup-cache-allocator-block-size=4194304"
    "memorysetup-typetree-allocator-block-size=2097152"
    "memorysetup-profiler-bucket-allocator-granularity=16"
    "memorysetup-profiler-bucket-allocator-bucket-count=8"
    "memorysetup-profiler-bucket-allocator-block-size=33554432"
    "memorysetup-profiler-bucket-allocator-block-count=8"
    "memorysetup-profiler-allocator-block-size=16777216"
    "memorysetup-profiler-editor-allocator-block-size=1048576"
    "memorysetup-temp-allocator-size-main=16777216"
    "memorysetup-job-temp-allocator-block-size=2097152"
    "memorysetup-job-temp-allocator-block-size-background=1048576"
    "memorysetup-job-temp-allocator-reduction-small-platforms=262144"
    "memorysetup-temp-allocator-size-background-worker=32768"
    "memorysetup-temp-allocator-size-job-worker=262144"
    "memorysetup-temp-allocator-size-preload-manager=33554432"
    "memorysetup-temp-allocator-size-nav-mesh-worker=65536"
    "memorysetup-temp-allocator-size-audio-worker=65536"
    "memorysetup-temp-allocator-size-cloud-worker=32768"
    "memorysetup-temp-allocator-size-gi-baking-worker=262144"
    "memorysetup-temp-allocator-size-gfx=262144"
Refreshing native plugins compatible for Editor in 53.19 ms, found 3 plugins.
Preloading 0 native plugins for Editor in 0.00 ms.
Initialize engine version: 2021.2.4f1 (99ba6aa4c552)
[Subsystems] Discovering subsystems at path C:/Program Files/Unity/Hub/Editor/2021.2.4f1/Editor/Data/Resources/UnitySubsystems
[Subsystems] Discovering subsystems at path D:/DigiPen/6_2022_Spring/DES303/Rites-of-Freedom/Rites of Freedom Unity Project/Assets
GfxDevice: creating device client; threaded=0; jobified=0
Direct3D:
    Version:  Direct3D 11.0 [level 11.1]
    Renderer: NVIDIA GeForce GTX 1070 Ti (ID=0x1b82)
    Vendor:   NVIDIA
    VRAM:     8079 MB
    Driver:   30.0.15.1179
Initialize mono
Mono path[0] = 'C:/Program Files/Unity/Hub/Editor/2021.2.4f1/Editor/Data/Managed'
Mono path[1] = 'C:/Program Files/Unity/Hub/Editor/2021.2.4f1/Editor/Data/MonoBleedingEdge/lib/mono/unityjit-win32'
Mono config path = 'C:/Program Files/Unity/Hub/Editor/2021.2.4f1/Editor/Data/MonoBleedingEdge/etc'
Using monoOptions --debugger-agent=transport=dt_socket,embedding=1,server=y,suspend=n,address=127.0.0.1:56492
Begin MonoManager ReloadAssembly
Registering precompiled unity dll's ...
Register platform support module: C:/Program Files/Unity/Hub/Editor/2021.2.4f1/Editor/Data/PlaybackEngines/WindowsStandaloneSupport/UnityEditor.WindowsStandalone.Extensions.dll
Registered in 0.005040 seconds.
Native extension for WindowsStandalone target not found
Refreshing native plugins compatible for Editor in 49.20 ms, found 3 plugins.
Preloading 0 native plugins for Editor in 0.00 ms.
Mono: successfully reloaded assembly
- Completed reload, in  0.466 seconds
Domain Reload Profiling:
	ReloadAssembly (467ms)
		BeginReloadAssembly (54ms)
			ExecutionOrderSort (0ms)
			DisableScriptedObjects (0ms)
			BackupInstance (0ms)
			ReleaseScriptingObjects (0ms)
			CreateAndSetChildDomain (1ms)
		EndReloadAssembly (352ms)
			LoadAssemblies (52ms)
			RebuildTransferFunctionScriptingTraits (0ms)
			SetupTypeCache (76ms)
			ReleaseScriptCaches (0ms)
			RebuildScriptCaches (22ms)
			SetupLoadedEditorAssemblies (212ms)
				LogAssemblyErrors (0ms)
				InitializePlatformSupportModulesInManaged (12ms)
				SetLoadedEditorAssemblies (0ms)
				RefreshPlugins (49ms)
				BeforeProcessingInitializeOnLoad (1ms)
				ProcessInitializeOnLoadAttributes (114ms)
				ProcessInitializeOnLoadMethodAttributes (36ms)
				AfterProcessingInitializeOnLoad (0ms)
				EditorAssembliesLoaded (0ms)
			ExecutionOrderSort2 (0ms)
			AwakeInstancesAfterBackupRestoration (0ms)
Platform modules already initialized, skipping
Registering precompiled user dll's ...
Registered in 0.002954 seconds.
Begin MonoManager ReloadAssembly
Native extension for WindowsStandalone target not found
Refreshing native plugins compatible for Editor in 47.78 ms, found 3 plugins.
Preloading 0 native plugins for Editor in 0.00 ms.
Mono: successfully reloaded assembly
- Completed reload, in  1.242 seconds
Domain Reload Profiling:
	ReloadAssembly (1243ms)
		BeginReloadAssembly (129ms)
			ExecutionOrderSort (0ms)
			DisableScriptedObjects (5ms)
			BackupInstance (0ms)
			ReleaseScriptingObjects (0ms)
			CreateAndSetChildDomain (14ms)
		EndReloadAssembly (1040ms)
			LoadAssemblies (55ms)
			RebuildTransferFunctionScriptingTraits (0ms)
			SetupTypeCache (149ms)
			ReleaseScriptCaches (0ms)
			RebuildScriptCaches (42ms)
			SetupLoadedEditorAssemblies (709ms)
				LogAssemblyErrors (0ms)
				InitializePlatformSupportModulesInManaged (8ms)
				SetLoadedEditorAssemblies (0ms)
				RefreshPlugins (48ms)
				BeforeProcessingInitializeOnLoad (52ms)
				ProcessInitializeOnLoadAttributes (568ms)
				ProcessInitializeOnLoadMethodAttributes (26ms)
				AfterProcessingInitializeOnLoad (6ms)
				EditorAssembliesLoaded (0ms)
			ExecutionOrderSort2 (0ms)
			AwakeInstancesAfterBackupRestoration (4ms)
Platform modules already initialized, skipping
========================================================================
Worker process is ready to serve import requests
Launched and connected shader compiler UnityShaderCompiler.exe after 0.04 seconds
Refreshing native plugins compatible for Editor in 0.66 ms, found 3 plugins.
Preloading 0 native plugins for Editor in 0.00 ms.
Unloading 2424 Unused Serialized files (Serialized files now loaded: 0)
Unloading 37 unused Assets / (56.7 KB). Loaded Objects now: 2890.
Memory consumption went from 120.0 MB to 119.9 MB.
Total: 2.447300 ms (FindLiveObjects: 0.226000 ms CreateObjectMapping: 0.126100 ms MarkObjects: 2.039400 ms  DeleteObjects: 0.055000 ms)

AssetImportParameters requested are different than current active one (requested -> active):
  custom:video-decoder-ogg-theora: a1e56fd34408186e4bbccfd4996cb3dc -> 
  custom:container-muxer-webm: aa71ff27fc2769a1b78a27578f13a17b -> 
  custom:container-demuxer-webm: 4f35f7cbe854078d1ac9338744f61a02 -> 
  custom:video-encoder-webm-vp8: eb34c28f22e8b96e1ab97ce403110664 -> 
  custom:audio-encoder-webm-vorbis: bf7c407c2cedff20999df2af8eb42d56 -> 
  custom:framework-win-MediaFoundation: 216162199b28c13a410421893ffa2e32 -> 
  custom:container-demuxer-ogg: 62fdf1f143b41e24485cea50d1cbac27 -> 
  custom:video-decoder-webm-vp8: 9c59270c3fd7afecdb556c50c9e8de78 -> 
  custom:audio-decoder-ogg-vorbis: bf7c407c2cedff20999df2af8eb42d56 -> 
========================================================================
Received Prepare
Registering precompiled user dll's ...
Registered in 0.002933 seconds.
Begin MonoManager ReloadAssembly
Native extension for WindowsStandalone target not found
Refreshing native plugins compatible for Editor in 0.67 ms, found 3 plugins.
Preloading 0 native plugins for Editor in 0.00 ms.
Mono: successfully reloaded assembly
- Completed reload, in  0.889 seconds
Domain Reload Profiling:
	ReloadAssembly (890ms)
		BeginReloadAssembly (111ms)
			ExecutionOrderSort (0ms)
			DisableScriptedObjects (6ms)
			BackupInstance (0ms)
			ReleaseScriptingObjects (0ms)
			CreateAndSetChildDomain (27ms)
		EndReloadAssembly (708ms)
			LoadAssemblies (56ms)
			RebuildTransferFunctionScriptingTraits (0ms)
			SetupTypeCache (150ms)
			ReleaseScriptCaches (1ms)
			RebuildScriptCaches (33ms)
			SetupLoadedEditorAssemblies (378ms)
				LogAssemblyErrors (0ms)
				InitializePlatformSupportModulesInManaged (9ms)
				SetLoadedEditorAssemblies (0ms)
				RefreshPlugins (1ms)
				BeforeProcessingInitializeOnLoad (43ms)
				ProcessInitializeOnLoadAttributes (295ms)
				ProcessInitializeOnLoadMethodAttributes (24ms)
				AfterProcessingInitializeOnLoad (6ms)
				EditorAssembliesLoaded (0ms)
			ExecutionOrderSort2 (0ms)
			AwakeInstancesAfterBackupRestoration (6ms)
Platform modules already initialized, skipping
Refreshing native plugins compatible for Editor in 0.68 ms, found 3 plugins.
Preloading 0 native plugins for Editor in 0.00 ms.
Unloading 2399 Unused Serialized files (Serialized files now loaded: 0)
Unloading 25 unused Assets / (24.7 KB). Loaded Objects now: 2892.
Memory consumption went from 118.1 MB to 118.1 MB.
Total: 2.438000 ms (FindLiveObjects: 0.254300 ms CreateObjectMapping: 0.133500 ms MarkObjects: 2.035200 ms  DeleteObjects: 0.014000 ms)

AssetImportParameters requested are different than current active one (requested -> active):
  custom:video-decoder-ogg-theora: a1e56fd34408186e4bbccfd4996cb3dc -> 
  custom:container-muxer-webm: aa71ff27fc2769a1b78a27578f13a17b -> 
  custom:container-demuxer-webm: 4f35f7cbe854078d1ac9338744f61a02 -> 
  custom:video-encoder-webm-vp8: eb34c28f22e8b96e1ab97ce403110664 -> 
  custom:audio-encoder-webm-vorbis: bf7c407c2cedff20999df2af8eb42d56 -> 
  custom:framework-win-MediaFoundation: 216162199b28c13a410421893ffa2e32 -> 
  custom:container-demuxer-ogg: 62fdf1f143b41e24485cea50d1cbac27 -> 
  custom:video-decoder-webm-vp8: 9c59270c3fd7afecdb556c50c9e8de78 -> 
  custom:audio-decoder-ogg-vorbis: bf7c407c2cedff20999df2af8eb42d56 -> 
========================================================================
Received Import Request.
  Time since last request: 1467283.642546 seconds.
  path: Assets/Sprites/LPK/Controller_Buttons/Keyboard & Mouse/Blanks/Blank_Black_Enter.png
  artifactKey: Guid(bf95179c608c667428e1c36fa9ed0379) Importer(815301076,1909f56bfc062723c751e8b465ee728b)
Start importing Assets/Sprites/LPK/Controller_Buttons/Keyboard & Mouse/Blanks/Blank_Black_Enter.png using Guid(bf95179c608c667428e1c36fa9ed0379) Importer(815301076,1909f56bfc062723c751e8b465ee728b)  -> (artifact id: 'e23e6785cd979bb45bf75da70ca0f00e') in 0.101348 seconds 
========================================================================
Received Import Request.
  Time since last request: 0.000015 seconds.
  path: Assets/Sprites/LPK/Controller_Buttons/Keyboard & Mouse/Blanks/Blank_Black_tall.png
  artifactKey: Guid(15a63ac05c9edd641b816a5d80b15167) Importer(815301076,1909f56bfc062723c751e8b465ee728b)
Start importing Assets/Sprites/LPK/Controller_Buttons/Keyboard & Mouse/Blanks/Blank_Black_tall.png using Guid(15a63ac05c9edd641b816a5d80b15167) Importer(815301076,1909f56bfc062723c751e8b465ee728b)  -> (artifact id: '4e0600bf5fbd18c51ba9a6c423989ce9') in 0.011765 seconds 
========================================================================
Received Import Request.
  Time since last request: 2.503203 seconds.
  path: Assets/Packages/6000FlatButtonIcon_White/button/button_corner_rectangle2_01.png
  artifactKey: Guid(bf5078ad9085d4b428c2bd405ab642b4) Importer(815301076,1909f56bfc062723c751e8b465ee728b)
Start importing Assets/Packages/6000FlatButtonIcon_White/button/button_corner_rectangle2_01.png using Guid(bf5078ad9085d4b428c2bd405ab642b4) Importer(815301076,1909f56bfc062723c751e8b465ee728b)  -> (artifact id: 'cab0feba4e637b8124ec73e2d84ed43f') in 0.012916 seconds 
========================================================================
Received Import Request.
  Time since last request: 0.078917 seconds.
  path: Assets/Packages/6000FlatButtonIcon_White/button/button_corner_rectangle4_01.png
  artifactKey: Guid(1ad06cf707b63d84cbf16dae76922b76) Importer(815301076,1909f56bfc062723c751e8b465ee728b)
Start importing Assets/Packages/6000FlatButtonIcon_White/button/button_corner_rectangle4_01.png using Guid(1ad06cf707b63d84cbf16dae76922b76) Importer(815301076,1909f56bfc062723c751e8b465ee728b)  -> (artifact id: '80f26b9b380c1bf47c1de9acc0503a83') in 0.017043 seconds 
========================================================================
Received Import Request.
  Time since last request: 0.000014 seconds.
  path: Assets/Packages/6000FlatButtonIcon_White/button_line/button_corner_square3_line_01.png
  artifactKey: Guid(c235ecb14208ea44eae40b8c934aa86e) Importer(815301076,1909f56bfc062723c751e8b465ee728b)
Start importing Assets/Packages/6000FlatButtonIcon_White/button_line/button_corner_square3_line_01.png using Guid(c235ecb14208ea44eae40b8c934aa86e) Importer(815301076,1909f56bfc062723c751e8b465ee728b)  -> (artifact id: '9267db9b56af7ae4d76987779d969316') in 0.015781 seconds 
========================================================================
Received Import Request.
  Time since last request: 0.000015 seconds.
  path: Assets/Packages/6000FlatButtonIcon_White/button_line/button_corner_square2_line_01.png
  artifactKey: Guid(86a4c2f337e39bd48b5e30a94f74aa22) Importer(815301076,1909f56bfc062723c751e8b465ee728b)
Start importing Assets/Packages/6000FlatButtonIcon_White/button_line/button_corner_square2_line_01.png using Guid(86a4c2f337e39bd48b5e30a94f74aa22) Importer(815301076,1909f56bfc062723c751e8b465ee728b)  -> (artifact id: '96670563d71dbc0a6023fdb2fcf9a333') in 0.009446 seconds 
========================================================================
Received Import Request.
  Time since last request: 0.000012 seconds.
  path: Assets/Packages/6000FlatButtonIcon_White/button_line/button_corner_square5_line_01.png
  artifactKey: Guid(be55358654baf5b4289e6dabedb6defb) Importer(815301076,1909f56bfc062723c751e8b465ee728b)
Start importing Assets/Packages/6000FlatButtonIcon_White/button_line/button_corner_square5_line_01.png using Guid(be55358654baf5b4289e6dabedb6defb) Importer(815301076,1909f56bfc062723c751e8b465ee728b)  -> (artifact id: '2dbba3928d94ec48d25d8da195610513') in 0.013247 seconds 
========================================================================
Received Import Request.
  Time since last request: 0.000014 seconds.
  path: Assets/Packages/6000FlatButtonIcon_White/button_line/button_rectangle_line_01.png
  artifactKey: Guid(9afaf095f602f1d43a3e8a0bd8047b4e) Importer(815301076,1909f56bfc062723c751e8b465ee728b)
Start importing Assets/Packages/6000FlatButtonIcon_White/button_line/button_rectangle_line_01.png using Guid(9afaf095f602f1d43a3e8a0bd8047b4e) Importer(815301076,1909f56bfc062723c751e8b465ee728b)  -> (artifact id: 'c3bd0bcf88b70dcb659781d7f0cbb0f9') in 0.014516 seconds 
========================================================================
Received Import Request.
  Time since last request: 0.000014 seconds.
  path: Assets/Packages/6000FlatButtonIcon_White/button_line/button_square_line_01.png
  artifactKey: Guid(1d4d866f2efba7648957060b33b3ad12) Importer(815301076,1909f56bfc062723c751e8b465ee728b)
Start importing Assets/Packages/6000FlatButtonIcon_White/button_line/button_square_line_01.png using Guid(1d4d866f2efba7648957060b33b3ad12) Importer(815301076,1909f56bfc062723c751e8b465ee728b)  -> (artifact id: '469c048077983da989738025222a35d8') in 0.013830 seconds 
========================================================================
Received Import Request.
  Time since last request: 0.000017 seconds.
  path: Assets/Packages/6000FlatButtonIcon_White/button_line/button_corner_square1_line_01.png
  artifactKey: Guid(97239867e8ff65446b4ecad74eb19fb4) Importer(815301076,1909f56bfc062723c751e8b465ee728b)
Start importing Assets/Packages/6000FlatButtonIcon_White/button_line/button_corner_square1_line_01.png using Guid(97239867e8ff65446b4ecad74eb19fb4) Importer(815301076,1909f56bfc062723c751e8b465ee728b)  -> (artifact id: 'ac5ed46d93beb6c9094ddede0682f925') in 0.010731 seconds 
========================================================================
Received Import Request.
  Time since last request: 0.000015 seconds.
  path: Assets/Packages/6000FlatButtonIcon_White/button_line/button_oval_line_01.png
  artifactKey: Guid(42716acdb8667044685c02e03be65b60) Importer(815301076,1909f56bfc062723c751e8b465ee728b)
Start importing Assets/Packages/6000FlatButtonIcon_White/button_line/button_oval_line_01.png using Guid(42716acdb8667044685c02e03be65b60) Importer(815301076,1909f56bfc062723c751e8b465ee728b)  -> (artifact id: 'd8e8551b37027bb3ff55bdd03dd7dfcf') in 0.013824 seconds 
========================================================================
Received Import Request.
  Time since last request: 0.000012 seconds.
  path: Assets/Packages/6000FlatButtonIcon_White/button_line/button_corner_square4_line_01.png
  artifactKey: Guid(6a6105b9551701d4f828701f6d4a425b) Importer(815301076,1909f56bfc062723c751e8b465ee728b)
Start importing Assets/Packages/6000FlatButtonIcon_White/button_line/button_corner_square4_line_01.png using Guid(6a6105b9551701d4f828701f6d4a425b) Importer(815301076,1909f56bfc062723c751e8b465ee728b)  -> (artifact id: 'c895c0eda3bece121eefab83fd798d56') in 0.012851 seconds 
========================================================================
Received Prepare
Registering precompiled user dll's ...
Registered in 0.003201 seconds.
Begin MonoManager ReloadAssembly
Native extension for WindowsStandalone target not found
Refreshing native plugins compatible for Editor in 0.67 ms, found 3 plugins.
Preloading 0 native plugins for Editor in 0.00 ms.
Mono: successfully reloaded assembly
- Completed reload, in  0.910 seconds
Domain Reload Profiling:
	ReloadAssembly (910ms)
		BeginReloadAssembly (104ms)
			ExecutionOrderSort (0ms)
			DisableScriptedObjects (6ms)
			BackupInstance (0ms)
			ReleaseScriptingObjects (0ms)
			CreateAndSetChildDomain (27ms)
		EndReloadAssembly (733ms)
			LoadAssemblies (61ms)
			RebuildTransferFunctionScriptingTraits (0ms)
			SetupTypeCache (146ms)
			ReleaseScriptCaches (1ms)
			RebuildScriptCaches (35ms)
			SetupLoadedEditorAssemblies (392ms)
				LogAssemblyErrors (0ms)
				InitializePlatformSupportModulesInManaged (9ms)
				SetLoadedEditorAssemblies (0ms)
				RefreshPlugins (1ms)
				BeforeProcessingInitializeOnLoad (45ms)
				ProcessInitializeOnLoadAttributes (307ms)
				ProcessInitializeOnLoadMethodAttributes (24ms)
				AfterProcessingInitializeOnLoad (6ms)
				EditorAssembliesLoaded (0ms)
			ExecutionOrderSort2 (0ms)
			AwakeInstancesAfterBackupRestoration (11ms)
Platform modules already initialized, skipping
Refreshing native plugins compatible for Editor in 0.80 ms, found 3 plugins.
Preloading 0 native plugins for Editor in 0.00 ms.
Unloading 2411 Unused Serialized files (Serialized files now loaded: 0)
Unloading 25 unused Assets / (24.8 KB). Loaded Objects now: 3084.
Memory consumption went from 128.4 MB to 128.3 MB.
Total: 2.354400 ms (FindLiveObjects: 0.180000 ms CreateObjectMapping: 0.103900 ms MarkObjects: 2.052200 ms  DeleteObjects: 0.017400 ms)

AssetImportParameters requested are different than current active one (requested -> active):
  custom:video-decoder-ogg-theora: a1e56fd34408186e4bbccfd4996cb3dc -> 
  custom:container-muxer-webm: aa71ff27fc2769a1b78a27578f13a17b -> 
  custom:container-demuxer-webm: 4f35f7cbe854078d1ac9338744f61a02 -> 
  custom:video-encoder-webm-vp8: eb34c28f22e8b96e1ab97ce403110664 -> 
  custom:audio-encoder-webm-vorbis: bf7c407c2cedff20999df2af8eb42d56 -> 
  custom:framework-win-MediaFoundation: 216162199b28c13a410421893ffa2e32 -> 
  custom:container-demuxer-ogg: 62fdf1f143b41e24485cea50d1cbac27 -> 
  custom:video-decoder-webm-vp8: 9c59270c3fd7afecdb556c50c9e8de78 -> 
  custom:audio-decoder-ogg-vorbis: bf7c407c2cedff20999df2af8eb42d56 -> 
Editor requested this worker to shutdown with reason: Scaling down because of idle timeout
AssetImportWorker is now disconnected from the server
Process exiting
Exiting without the bug reporter. Application will terminate with return code 0