Using pre-set license
Built from '2021.2/staging' branch; Version is '2021.2.4f1 (99ba6aa4c552) revision 10074730'; Using compiler version '192829333'; Build Type 'Release'
OS: 'Windows 10 Home; OS build 19044.1586; Version 2009; 64bit' Language: 'en' Physical Memory: 32611 MB
BatchMode: 1, IsHumanControllingUs: 0, StartBugReporterOnCrash: 0, Is64bit: 1, IsPro: 0

COMMAND LINE ARGUMENTS:
C:\Program Files\Unity\Hub\Editor\2021.2.4f1\Editor\Unity.exe
-adb2
-batchMode
-noUpm
-name
AssetImportWorker0
-projectPath
D:/DigiPen/6_2022_Spring/DES303/Rites-of-Freedom/Rites of Freedom Unity Project
-logFile
Logs/AssetImportWorker0.log
-srvPort
65390
Successfully changed project path to: D:/DigiPen/6_2022_Spring/DES303/Rites-of-Freedom/Rites of Freedom Unity Project
D:/DigiPen/6_2022_Spring/DES303/Rites-of-Freedom/Rites of Freedom Unity Project
[UnityMemory] Configuration Parameters - Can be set up in boot.config
    "memorysetup-bucket-allocator-granularity=16"
    "memorysetup-bucket-allocator-bucket-count=8"
    "memorysetup-bucket-allocator-block-size=33554432"
    "memorysetup-bucket-allocator-block-count=8"
    "memorysetup-main-allocator-block-size=16777216"
    "memorysetup-thread-allocator-block-size=16777216"
    "memorysetup-gfx-main-allocator-block-size=16777216"
    "memorysetup-gfx-thread-allocator-block-size=16777216"
    "memorysetup-cache-allocator-block-size=4194304"
    "memorysetup-typetree-allocator-block-size=2097152"
    "memorysetup-profiler-bucket-allocator-granularity=16"
    "memorysetup-profiler-bucket-allocator-bucket-count=8"
    "memorysetup-profiler-bucket-allocator-block-size=33554432"
    "memorysetup-profiler-bucket-allocator-block-count=8"
    "memorysetup-profiler-allocator-block-size=16777216"
    "memorysetup-profiler-editor-allocator-block-size=1048576"
    "memorysetup-temp-allocator-size-main=16777216"
    "memorysetup-job-temp-allocator-block-size=2097152"
    "memorysetup-job-temp-allocator-block-size-background=1048576"
    "memorysetup-job-temp-allocator-reduction-small-platforms=262144"
    "memorysetup-temp-allocator-size-background-worker=32768"
    "memorysetup-temp-allocator-size-job-worker=262144"
    "memorysetup-temp-allocator-size-preload-manager=33554432"
    "memorysetup-temp-allocator-size-nav-mesh-worker=65536"
    "memorysetup-temp-allocator-size-audio-worker=65536"
    "memorysetup-temp-allocator-size-cloud-worker=32768"
    "memorysetup-temp-allocator-size-gi-baking-worker=262144"
    "memorysetup-temp-allocator-size-gfx=262144"
Refreshing native plugins compatible for Editor in 98.62 ms, found 4 plugins.
Preloading 0 native plugins for Editor in 0.00 ms.
Initialize engine version: 2021.2.4f1 (99ba6aa4c552)
[Subsystems] Discovering subsystems at path C:/Program Files/Unity/Hub/Editor/2021.2.4f1/Editor/Data/Resources/UnitySubsystems
[Subsystems] Discovering subsystems at path D:/DigiPen/6_2022_Spring/DES303/Rites-of-Freedom/Rites of Freedom Unity Project/Assets
GfxDevice: creating device client; threaded=0; jobified=0
Direct3D:
    Version:  Direct3D 11.0 [level 11.1]
    Renderer: NVIDIA GeForce GTX 1070 Ti (ID=0x1b82)
    Vendor:   NVIDIA
    VRAM:     8079 MB
    Driver:   30.0.15.1179
Initialize mono
Mono path[0] = 'C:/Program Files/Unity/Hub/Editor/2021.2.4f1/Editor/Data/Managed'
Mono path[1] = 'C:/Program Files/Unity/Hub/Editor/2021.2.4f1/Editor/Data/MonoBleedingEdge/lib/mono/unityjit-win32'
Mono config path = 'C:/Program Files/Unity/Hub/Editor/2021.2.4f1/Editor/Data/MonoBleedingEdge/etc'
Using monoOptions --debugger-agent=transport=dt_socket,embedding=1,server=y,suspend=n,address=127.0.0.1:56056
Begin MonoManager ReloadAssembly
Registering precompiled unity dll's ...
Register platform support module: C:/Program Files/Unity/Hub/Editor/2021.2.4f1/Editor/Data/PlaybackEngines/WindowsStandaloneSupport/UnityEditor.WindowsStandalone.Extensions.dll
Registered in 0.005064 seconds.
Native extension for WindowsStandalone target not found
Refreshing native plugins compatible for Editor in 100.61 ms, found 4 plugins.
Preloading 0 native plugins for Editor in 0.00 ms.
Mono: successfully reloaded assembly
- Completed reload, in  0.515 seconds
Domain Reload Profiling:
	ReloadAssembly (516ms)
		BeginReloadAssembly (57ms)
			ExecutionOrderSort (0ms)
			DisableScriptedObjects (0ms)
			BackupInstance (0ms)
			ReleaseScriptingObjects (0ms)
			CreateAndSetChildDomain (1ms)
		EndReloadAssembly (397ms)
			LoadAssemblies (56ms)
			RebuildTransferFunctionScriptingTraits (0ms)
			SetupTypeCache (75ms)
			ReleaseScriptCaches (0ms)
			RebuildScriptCaches (22ms)
			SetupLoadedEditorAssemblies (259ms)
				LogAssemblyErrors (0ms)
				InitializePlatformSupportModulesInManaged (11ms)
				SetLoadedEditorAssemblies (0ms)
				RefreshPlugins (101ms)
				BeforeProcessingInitializeOnLoad (1ms)
				ProcessInitializeOnLoadAttributes (110ms)
				ProcessInitializeOnLoadMethodAttributes (36ms)
				AfterProcessingInitializeOnLoad (0ms)
				EditorAssembliesLoaded (0ms)
			ExecutionOrderSort2 (0ms)
			AwakeInstancesAfterBackupRestoration (0ms)
Platform modules already initialized, skipping
Registering precompiled user dll's ...
Registered in 0.003405 seconds.
Begin MonoManager ReloadAssembly
Symbol file LoadedFromMemory doesn't match image D:\DigiPen\6_2022_Spring\DES303\Rites-of-Freedom\Rites of Freedom Unity Project\Library\PackageCache\com.unity.visualscripting@1.7.5\Editor\VisualScripting.Core\Dependencies\YamlDotNet\Unity.VisualScripting.YamlDotNet.dll
Symbol file LoadedFromMemory doesn't match image D:\DigiPen\6_2022_Spring\DES303\Rites-of-Freedom\Rites of Freedom Unity Project\Library\PackageCache\com.unity.visualscripting@1.7.5\Editor\VisualScripting.Core\Dependencies\DotNetZip\Unity.VisualScripting.IonicZip.dll
Native extension for WindowsStandalone target not found
Refreshing native plugins compatible for Editor in 100.66 ms, found 4 plugins.
Preloading 0 native plugins for Editor in 0.00 ms.
System.Exception: Error! Visual Scripting: couldn't find visual scripting package
  at Unity.VisualScripting.PackageVersionUtility.get_version () [0x00025] in D:\DigiPen\6_2022_Spring\DES303\Rites-of-Freedom\Rites of Freedom Unity Project\Library\PackageCache\com.unity.visualscripting@1.7.5\Editor\VisualScripting.Core\Utilities\PackageVersionUtility.cs:22 
  at Unity.VisualScripting.BoltCoreManifest.get_version () [0x00000] in D:\DigiPen\6_2022_Spring\DES303\Rites-of-Freedom\Rites of Freedom Unity Project\Library\PackageCache\com.unity.visualscripting@1.7.5\Editor\VisualScripting.Core\Plugin\BoltCoreManifest.cs:11 
  at Unity.VisualScripting.PluginManifest.get_currentVersion () [0x00000] in D:\DigiPen\6_2022_Spring\DES303\Rites-of-Freedom\Rites of Freedom Unity Project\Library\PackageCache\com.unity.visualscripting@1.7.5\Editor\VisualScripting.Core\Plugins\PluginManifest.cs:33 
  at Unity.VisualScripting.PluginManifest.get_versionMismatch () [0x00000] in D:\DigiPen\6_2022_Spring\DES303\Rites-of-Freedom\Rites of Freedom Unity Project\Library\PackageCache\com.unity.visualscripting@1.7.5\Editor\VisualScripting.Core\Plugins\PluginManifest.cs:48 
  at Unity.VisualScripting.PluginContainer.Initialize () [0x0057d] in D:\DigiPen\6_2022_Spring\DES303\Rites-of-Freedom\Rites of Freedom Unity Project\Library\PackageCache\com.unity.visualscripting@1.7.5\Editor\VisualScripting.Core\Plugins\PluginContainer.cs:208 
  at Unity.VisualScripting.PluginContainer.InitializeOnLoad () [0x00012] in D:\DigiPen\6_2022_Spring\DES303\Rites-of-Freedom\Rites of Freedom Unity Project\Library\PackageCache\com.unity.visualscripting@1.7.5\Editor\VisualScripting.Core\Plugins\PluginContainer.cs:32 
  at Unity.VisualScripting.VSUsageUtility.DoInitializeOnLoadCalls () [0x00044] in D:\DigiPen\6_2022_Spring\DES303\Rites-of-Freedom\Rites of Freedom Unity Project\Library\PackageCache\com.unity.visualscripting@1.7.5\Editor\VisualScripting.Core\Utilities\VSUsageUtility.cs:76 
  at Unity.VisualScripting.VSUsageUtility.set_isVisualScriptingUsed (System.Boolean value) [0x00037] in D:\DigiPen\6_2022_Spring\DES303\Rites-of-Freedom\Rites of Freedom Unity Project\Library\PackageCache\com.unity.visualscripting@1.7.5\Editor\VisualScripting.Core\Utilities\VSUsageUtility.cs:114 
  at Unity.VisualScripting.VSUsageUtility.CheckAndSetIsVisualScriptingUsed () [0x0003f] in D:\DigiPen\6_2022_Spring\DES303\Rites-of-Freedom\Rites of Freedom Unity Project\Library\PackageCache\com.unity.visualscripting@1.7.5\Editor\VisualScripting.Core\Utilities\VSUsageUtility.cs:48 
  at Unity.VisualScripting.VSUsageUtility..cctor () [0x0000d] in D:\DigiPen\6_2022_Spring\DES303\Rites-of-Freedom\Rites of Freedom Unity Project\Library\PackageCache\com.unity.visualscripting@1.7.5\Editor\VisualScripting.Core\Utilities\VSUsageUtility.cs:22 
UnityEngine.StackTraceUtility:ExtractStackTrace ()
UnityEngine.DebugLogHandler:LogFormat (UnityEngine.LogType,UnityEngine.Object,string,object[])
UnityEngine.Logger:Log (UnityEngine.LogType,object)
UnityEngine.Debug:LogError (object)
UnityEditor.EditorAssemblies:ProcessInitializeOnLoadAttributes (System.Type[])

Mono: successfully reloaded assembly
- Completed reload, in  1.952 seconds
Domain Reload Profiling:
	ReloadAssembly (1953ms)
		BeginReloadAssembly (129ms)
			ExecutionOrderSort (0ms)
			DisableScriptedObjects (5ms)
			BackupInstance (0ms)
			ReleaseScriptingObjects (0ms)
			CreateAndSetChildDomain (14ms)
		EndReloadAssembly (1749ms)
			LoadAssemblies (59ms)
			RebuildTransferFunctionScriptingTraits (0ms)
			SetupTypeCache (216ms)
			ReleaseScriptCaches (1ms)
			RebuildScriptCaches (73ms)
			SetupLoadedEditorAssemblies (1315ms)
				LogAssemblyErrors (0ms)
				InitializePlatformSupportModulesInManaged (8ms)
				SetLoadedEditorAssemblies (0ms)
				RefreshPlugins (101ms)
				BeforeProcessingInitializeOnLoad (100ms)
				ProcessInitializeOnLoadAttributes (1044ms)
				ProcessInitializeOnLoadMethodAttributes (56ms)
				AfterProcessingInitializeOnLoad (6ms)
				EditorAssembliesLoaded (0ms)
			ExecutionOrderSort2 (0ms)
			AwakeInstancesAfterBackupRestoration (4ms)
Platform modules already initialized, skipping
========================================================================
Worker process is ready to serve import requests
Launched and connected shader compiler UnityShaderCompiler.exe after 0.04 seconds
Refreshing native plugins compatible for Editor in 0.98 ms, found 4 plugins.
Preloading 0 native plugins for Editor in 0.00 ms.
Unloading 5874 Unused Serialized files (Serialized files now loaded: 1)
Unloading 43 unused Assets / (1.1 MB). Loaded Objects now: 6332.
Memory consumption went from 226.4 MB to 225.3 MB.
Total: 9.191800 ms (FindLiveObjects: 0.431700 ms CreateObjectMapping: 0.393800 ms MarkObjects: 8.192400 ms  DeleteObjects: 0.172900 ms)

AssetImportParameters requested are different than current active one (requested -> active):
  custom:video-decoder-ogg-theora: a1e56fd34408186e4bbccfd4996cb3dc -> 
  custom:container-muxer-webm: aa71ff27fc2769a1b78a27578f13a17b -> 
  custom:container-demuxer-webm: 4f35f7cbe854078d1ac9338744f61a02 -> 
  custom:video-encoder-webm-vp8: eb34c28f22e8b96e1ab97ce403110664 -> 
  custom:audio-encoder-webm-vorbis: bf7c407c2cedff20999df2af8eb42d56 -> 
  custom:framework-win-MediaFoundation: 216162199b28c13a410421893ffa2e32 -> 
  custom:container-demuxer-ogg: 62fdf1f143b41e24485cea50d1cbac27 -> 
  custom:video-decoder-webm-vp8: 9c59270c3fd7afecdb556c50c9e8de78 -> 
  custom:audio-decoder-ogg-vorbis: bf7c407c2cedff20999df2af8eb42d56 -> 
========================================================================
Received Import Request.
  Time since last request: 909793.006521 seconds.
  path: Assets/Scripts/Utility/IEnumerableUtility.cs
  artifactKey: Guid(d3ea6b1dcf72b794c88bf5bf1ea5808f) Importer(815301076,1909f56bfc062723c751e8b465ee728b)
Start importing Assets/Scripts/Utility/IEnumerableUtility.cs using Guid(d3ea6b1dcf72b794c88bf5bf1ea5808f) Importer(815301076,1909f56bfc062723c751e8b465ee728b)  -> (artifact id: 'e379e254b6860405f0d9823cb31b16e5') in 0.021683 seconds 
========================================================================
Received Import Request.
  Time since last request: 1.040558 seconds.
  path: Assets/Scripts/Utility/IListUtility.cs
  artifactKey: Guid(b7c46dbeb0c330248a2fff1531ccb220) Importer(815301076,1909f56bfc062723c751e8b465ee728b)
Start importing Assets/Scripts/Utility/IListUtility.cs using Guid(b7c46dbeb0c330248a2fff1531ccb220) Importer(815301076,1909f56bfc062723c751e8b465ee728b)  -> (artifact id: '6b50fdaddcc617f6a894ab73dc2ae132') in 0.003975 seconds 
========================================================================
Received Import Request.
  Time since last request: 0.470735 seconds.
  path: Assets/Scripts/Utility/LayerMaskUtility.cs
  artifactKey: Guid(770107cf357c5ea4fa50226115b248ef) Importer(815301076,1909f56bfc062723c751e8b465ee728b)
Start importing Assets/Scripts/Utility/LayerMaskUtility.cs using Guid(770107cf357c5ea4fa50226115b248ef) Importer(815301076,1909f56bfc062723c751e8b465ee728b)  -> (artifact id: 'd27bfb0653a4bc03ff593dc4f462e881') in 0.004169 seconds 
========================================================================
Received Import Request.
  Time since last request: 99.622396 seconds.
  path: Assets/Scripts/Utility/SerializePolymorphic
  artifactKey: Guid(dffff063d2c5dbe449e9f0914a35e6af) Importer(815301076,1909f56bfc062723c751e8b465ee728b)
Start importing Assets/Scripts/Utility/SerializePolymorphic using Guid(dffff063d2c5dbe449e9f0914a35e6af) Importer(815301076,1909f56bfc062723c751e8b465ee728b)  -> (artifact id: '3d4a3d8136028acc493f199ebf5b8193') in 0.004587 seconds 
========================================================================
Received Import Request.
  Time since last request: 1.443040 seconds.
  path: Assets/Scripts/Utility/SerializePolymorphic/Runtime
  artifactKey: Guid(a3cb423d88d98ed498d169e0c9930f3c) Importer(815301076,1909f56bfc062723c751e8b465ee728b)
Start importing Assets/Scripts/Utility/SerializePolymorphic/Runtime using Guid(a3cb423d88d98ed498d169e0c9930f3c) Importer(815301076,1909f56bfc062723c751e8b465ee728b)  -> (artifact id: '9879fcb5ca1a2de66fab5a19776f865e') in 0.003908 seconds 
========================================================================
Received Import Request.
  Time since last request: 0.840904 seconds.
  path: Assets/Scripts/Utility/SerializePolymorphic/Runtime/Utility.SerializePolymorphic.asmdef
  artifactKey: Guid(8659df1b2c594634e918bd90595c3da6) Importer(815301076,1909f56bfc062723c751e8b465ee728b)
Start importing Assets/Scripts/Utility/SerializePolymorphic/Runtime/Utility.SerializePolymorphic.asmdef using Guid(8659df1b2c594634e918bd90595c3da6) Importer(815301076,1909f56bfc062723c751e8b465ee728b)  -> (artifact id: '863b9fef248fd26198e66e3b0f9b2747') in 0.005421 seconds 
========================================================================
Received Import Request.
  Time since last request: 3.865085 seconds.
  path: Assets/Scripts/AI
  artifactKey: Guid(f16506c9863117c4d9bbfe39987602f5) Importer(815301076,1909f56bfc062723c751e8b465ee728b)
Start importing Assets/Scripts/AI using Guid(f16506c9863117c4d9bbfe39987602f5) Importer(815301076,1909f56bfc062723c751e8b465ee728b)  -> (artifact id: '6fee68f632e0440d853c2f4c07cd0b05') in 0.004872 seconds 
========================================================================
Received Import Request.
  Time since last request: 3.420817 seconds.
  path: Assets/Scripts/Animation/StateMachineBehavior.cs
  artifactKey: Guid(4091cfeea6c3c854abc91634f126d453) Importer(815301076,1909f56bfc062723c751e8b465ee728b)
Start importing Assets/Scripts/Animation/StateMachineBehavior.cs using Guid(4091cfeea6c3c854abc91634f126d453) Importer(815301076,1909f56bfc062723c751e8b465ee728b)  -> (artifact id: '0a66c457a0d0792b43d1abe950786897') in 0.004117 seconds 
========================================================================
Received Import Request.
  Time since last request: 42.304426 seconds.
  path: Assets/Scripts/Triggers/Variable.cs
  artifactKey: Guid(be1328eff2d53dd4a813073a4410527e) Importer(815301076,1909f56bfc062723c751e8b465ee728b)
Start importing Assets/Scripts/Triggers/Variable.cs using Guid(be1328eff2d53dd4a813073a4410527e) Importer(815301076,1909f56bfc062723c751e8b465ee728b)  -> (artifact id: 'ac9d7e57fd8a8df2845838ef78674701') in 0.004432 seconds 
========================================================================
Received Import Request.
  Time since last request: 230.191825 seconds.
  path: Assets/Scripts/Triggers/Condition.cs
  artifactKey: Guid(711c6a9919393cc41abe2b27c8c951c7) Importer(815301076,1909f56bfc062723c751e8b465ee728b)
Start importing Assets/Scripts/Triggers/Condition.cs using Guid(711c6a9919393cc41abe2b27c8c951c7) Importer(815301076,1909f56bfc062723c751e8b465ee728b)  -> (artifact id: '8cb634c4fbbf8c0ce226cb225d378ca1') in 0.004515 seconds 
