Using pre-set license
Built from '2021.2/staging' branch; Version is '2021.2.4f1 (99ba6aa4c552) revision 10074730'; Using compiler version '192829333'; Build Type 'Release'
OS: 'Windows 10 Home; OS build 19044.1526; Version 2009; 64bit' Language: 'en' Physical Memory: 32611 MB
BatchMode: 1, IsHumanControllingUs: 0, StartBugReporterOnCrash: 0, Is64bit: 1, IsPro: 0

COMMAND LINE ARGUMENTS:
C:\Program Files\Unity\Hub\Editor\2021.2.4f1\Editor\Unity.exe
-adb2
-batchMode
-noUpm
-name
AssetImportWorker4
-projectPath
D:/DigiPen/6_2022_Spring/DES303/Rites-of-Freedom/Rites of Freedom Unity Project
-logFile
Logs/AssetImportWorker4.log
-srvPort
64558
Successfully changed project path to: D:/DigiPen/6_2022_Spring/DES303/Rites-of-Freedom/Rites of Freedom Unity Project
D:/DigiPen/6_2022_Spring/DES303/Rites-of-Freedom/Rites of Freedom Unity Project
[UnityMemory] Configuration Parameters - Can be set up in boot.config
    "memorysetup-bucket-allocator-granularity=16"
    "memorysetup-bucket-allocator-bucket-count=8"
    "memorysetup-bucket-allocator-block-size=33554432"
    "memorysetup-bucket-allocator-block-count=8"
    "memorysetup-main-allocator-block-size=16777216"
    "memorysetup-thread-allocator-block-size=16777216"
    "memorysetup-gfx-main-allocator-block-size=16777216"
    "memorysetup-gfx-thread-allocator-block-size=16777216"
    "memorysetup-cache-allocator-block-size=4194304"
    "memorysetup-typetree-allocator-block-size=2097152"
    "memorysetup-profiler-bucket-allocator-granularity=16"
    "memorysetup-profiler-bucket-allocator-bucket-count=8"
    "memorysetup-profiler-bucket-allocator-block-size=33554432"
    "memorysetup-profiler-bucket-allocator-block-count=8"
    "memorysetup-profiler-allocator-block-size=16777216"
    "memorysetup-profiler-editor-allocator-block-size=1048576"
    "memorysetup-temp-allocator-size-main=16777216"
    "memorysetup-job-temp-allocator-block-size=2097152"
    "memorysetup-job-temp-allocator-block-size-background=1048576"
    "memorysetup-job-temp-allocator-reduction-small-platforms=262144"
    "memorysetup-temp-allocator-size-background-worker=32768"
    "memorysetup-temp-allocator-size-job-worker=262144"
    "memorysetup-temp-allocator-size-preload-manager=33554432"
    "memorysetup-temp-allocator-size-nav-mesh-worker=65536"
    "memorysetup-temp-allocator-size-audio-worker=65536"
    "memorysetup-temp-allocator-size-cloud-worker=32768"
    "memorysetup-temp-allocator-size-gi-baking-worker=262144"
    "memorysetup-temp-allocator-size-gfx=262144"
Refreshing native plugins compatible for Editor in 115.19 ms, found 4 plugins.
Preloading 0 native plugins for Editor in 0.00 ms.
Initialize engine version: 2021.2.4f1 (99ba6aa4c552)
[Subsystems] Discovering subsystems at path C:/Program Files/Unity/Hub/Editor/2021.2.4f1/Editor/Data/Resources/UnitySubsystems
[Subsystems] Discovering subsystems at path D:/DigiPen/6_2022_Spring/DES303/Rites-of-Freedom/Rites of Freedom Unity Project/Assets
GfxDevice: creating device client; threaded=0; jobified=0
Direct3D:
    Version:  Direct3D 11.0 [level 11.1]
    Renderer: NVIDIA GeForce GTX 1070 Ti (ID=0x1b82)
    Vendor:   NVIDIA
    VRAM:     8079 MB
    Driver:   27.21.14.5671
Initialize mono
Mono path[0] = 'C:/Program Files/Unity/Hub/Editor/2021.2.4f1/Editor/Data/Managed'
Mono path[1] = 'C:/Program Files/Unity/Hub/Editor/2021.2.4f1/Editor/Data/MonoBleedingEdge/lib/mono/unityjit-win32'
Mono config path = 'C:/Program Files/Unity/Hub/Editor/2021.2.4f1/Editor/Data/MonoBleedingEdge/etc'
Using monoOptions --debugger-agent=transport=dt_socket,embedding=1,server=y,suspend=n,address=127.0.0.1:56504
Begin MonoManager ReloadAssembly
Registering precompiled unity dll's ...
Register platform support module: C:/Program Files/Unity/Hub/Editor/2021.2.4f1/Editor/Data/PlaybackEngines/WindowsStandaloneSupport/UnityEditor.WindowsStandalone.Extensions.dll
Registered in 0.005323 seconds.
Native extension for WindowsStandalone target not found
Refreshing native plugins compatible for Editor in 103.56 ms, found 4 plugins.
Preloading 0 native plugins for Editor in 0.00 ms.
Mono: successfully reloaded assembly
- Completed reload, in  0.547 seconds
Domain Reload Profiling:
	ReloadAssembly (548ms)
		BeginReloadAssembly (59ms)
			ExecutionOrderSort (0ms)
			DisableScriptedObjects (0ms)
			BackupInstance (0ms)
			ReleaseScriptingObjects (0ms)
			CreateAndSetChildDomain (1ms)
		EndReloadAssembly (425ms)
			LoadAssemblies (57ms)
			RebuildTransferFunctionScriptingTraits (0ms)
			SetupTypeCache (88ms)
			ReleaseScriptCaches (0ms)
			RebuildScriptCaches (24ms)
			SetupLoadedEditorAssemblies (270ms)
				LogAssemblyErrors (0ms)
				InitializePlatformSupportModulesInManaged (12ms)
				SetLoadedEditorAssemblies (0ms)
				RefreshPlugins (104ms)
				BeforeProcessingInitializeOnLoad (1ms)
				ProcessInitializeOnLoadAttributes (116ms)
				ProcessInitializeOnLoadMethodAttributes (37ms)
				AfterProcessingInitializeOnLoad (0ms)
				EditorAssembliesLoaded (0ms)
			ExecutionOrderSort2 (0ms)
			AwakeInstancesAfterBackupRestoration (0ms)
Platform modules already initialized, skipping
Registering precompiled user dll's ...
Registered in 0.004058 seconds.
Begin MonoManager ReloadAssembly
Symbol file LoadedFromMemory doesn't match image D:\DigiPen\6_2022_Spring\DES303\Rites-of-Freedom\Rites of Freedom Unity Project\Library\PackageCache\com.unity.visualscripting@1.7.5\Editor\VisualScripting.Core\Dependencies\YamlDotNet\Unity.VisualScripting.YamlDotNet.dll
Symbol file LoadedFromMemory doesn't match image D:\DigiPen\6_2022_Spring\DES303\Rites-of-Freedom\Rites of Freedom Unity Project\Library\PackageCache\com.unity.visualscripting@1.7.5\Editor\VisualScripting.Core\Dependencies\DotNetZip\Unity.VisualScripting.IonicZip.dll
Native extension for WindowsStandalone target not found
Refreshing native plugins compatible for Editor in 101.37 ms, found 4 plugins.
Preloading 0 native plugins for Editor in 0.00 ms.
System.Exception: Error! Visual Scripting: couldn't find visual scripting package
  at Unity.VisualScripting.PackageVersionUtility.get_version () [0x00025] in D:\DigiPen\6_2022_Spring\DES303\Rites-of-Freedom\Rites of Freedom Unity Project\Library\PackageCache\com.unity.visualscripting@1.7.5\Editor\VisualScripting.Core\Utilities\PackageVersionUtility.cs:22 
  at Unity.VisualScripting.BoltCoreManifest.get_version () [0x00000] in D:\DigiPen\6_2022_Spring\DES303\Rites-of-Freedom\Rites of Freedom Unity Project\Library\PackageCache\com.unity.visualscripting@1.7.5\Editor\VisualScripting.Core\Plugin\BoltCoreManifest.cs:11 
  at Unity.VisualScripting.PluginManifest.get_currentVersion () [0x00000] in D:\DigiPen\6_2022_Spring\DES303\Rites-of-Freedom\Rites of Freedom Unity Project\Library\PackageCache\com.unity.visualscripting@1.7.5\Editor\VisualScripting.Core\Plugins\PluginManifest.cs:33 
  at Unity.VisualScripting.PluginManifest.get_versionMismatch () [0x00000] in D:\DigiPen\6_2022_Spring\DES303\Rites-of-Freedom\Rites of Freedom Unity Project\Library\PackageCache\com.unity.visualscripting@1.7.5\Editor\VisualScripting.Core\Plugins\PluginManifest.cs:48 
  at Unity.VisualScripting.PluginContainer.Initialize () [0x0057d] in D:\DigiPen\6_2022_Spring\DES303\Rites-of-Freedom\Rites of Freedom Unity Project\Library\PackageCache\com.unity.visualscripting@1.7.5\Editor\VisualScripting.Core\Plugins\PluginContainer.cs:208 
  at Unity.VisualScripting.PluginContainer.InitializeOnLoad () [0x00012] in D:\DigiPen\6_2022_Spring\DES303\Rites-of-Freedom\Rites of Freedom Unity Project\Library\PackageCache\com.unity.visualscripting@1.7.5\Editor\VisualScripting.Core\Plugins\PluginContainer.cs:32 
  at Unity.VisualScripting.VSUsageUtility.DoInitializeOnLoadCalls () [0x00044] in D:\DigiPen\6_2022_Spring\DES303\Rites-of-Freedom\Rites of Freedom Unity Project\Library\PackageCache\com.unity.visualscripting@1.7.5\Editor\VisualScripting.Core\Utilities\VSUsageUtility.cs:76 
  at Unity.VisualScripting.VSUsageUtility.set_isVisualScriptingUsed (System.Boolean value) [0x00037] in D:\DigiPen\6_2022_Spring\DES303\Rites-of-Freedom\Rites of Freedom Unity Project\Library\PackageCache\com.unity.visualscripting@1.7.5\Editor\VisualScripting.Core\Utilities\VSUsageUtility.cs:114 
  at Unity.VisualScripting.VSUsageUtility.CheckAndSetIsVisualScriptingUsed () [0x0003f] in D:\DigiPen\6_2022_Spring\DES303\Rites-of-Freedom\Rites of Freedom Unity Project\Library\PackageCache\com.unity.visualscripting@1.7.5\Editor\VisualScripting.Core\Utilities\VSUsageUtility.cs:48 
  at Unity.VisualScripting.VSUsageUtility..cctor () [0x0000d] in D:\DigiPen\6_2022_Spring\DES303\Rites-of-Freedom\Rites of Freedom Unity Project\Library\PackageCache\com.unity.visualscripting@1.7.5\Editor\VisualScripting.Core\Utilities\VSUsageUtility.cs:22 
UnityEngine.StackTraceUtility:ExtractStackTrace ()
UnityEngine.DebugLogHandler:LogFormat (UnityEngine.LogType,UnityEngine.Object,string,object[])
UnityEngine.Logger:Log (UnityEngine.LogType,object)
UnityEngine.Debug:LogError (object)
UnityEditor.EditorAssemblies:ProcessInitializeOnLoadAttributes (System.Type[])

Mono: successfully reloaded assembly
- Completed reload, in  2.079 seconds
Domain Reload Profiling:
	ReloadAssembly (2080ms)
		BeginReloadAssembly (135ms)
			ExecutionOrderSort (0ms)
			DisableScriptedObjects (5ms)
			BackupInstance (0ms)
			ReleaseScriptingObjects (0ms)
			CreateAndSetChildDomain (17ms)
		EndReloadAssembly (1868ms)
			LoadAssemblies (65ms)
			RebuildTransferFunctionScriptingTraits (0ms)
			SetupTypeCache (233ms)
			ReleaseScriptCaches (1ms)
			RebuildScriptCaches (84ms)
			SetupLoadedEditorAssemblies (1395ms)
				LogAssemblyErrors (0ms)
				InitializePlatformSupportModulesInManaged (9ms)
				SetLoadedEditorAssemblies (0ms)
				RefreshPlugins (101ms)
				BeforeProcessingInitializeOnLoad (103ms)
				ProcessInitializeOnLoadAttributes (1114ms)
				ProcessInitializeOnLoadMethodAttributes (61ms)
				AfterProcessingInitializeOnLoad (7ms)
				EditorAssembliesLoaded (0ms)
			ExecutionOrderSort2 (0ms)
			AwakeInstancesAfterBackupRestoration (5ms)
Platform modules already initialized, skipping
========================================================================
Worker process is ready to serve import requests
Launched and connected shader compiler UnityShaderCompiler.exe after 0.05 seconds
Refreshing native plugins compatible for Editor in 1.00 ms, found 4 plugins.
Preloading 0 native plugins for Editor in 0.00 ms.
Unloading 5867 Unused Serialized files (Serialized files now loaded: 1)
Unloading 43 unused Assets / (1.1 MB). Loaded Objects now: 6325.
Memory consumption went from 226.3 MB to 225.2 MB.
Total: 8.976700 ms (FindLiveObjects: 0.382000 ms CreateObjectMapping: 0.337200 ms MarkObjects: 8.083800 ms  DeleteObjects: 0.173000 ms)

AssetImportParameters requested are different than current active one (requested -> active):
  custom:video-decoder-ogg-theora: a1e56fd34408186e4bbccfd4996cb3dc -> 
  custom:container-muxer-webm: aa71ff27fc2769a1b78a27578f13a17b -> 
  custom:container-demuxer-webm: 4f35f7cbe854078d1ac9338744f61a02 -> 
  custom:video-encoder-webm-vp8: eb34c28f22e8b96e1ab97ce403110664 -> 
  custom:audio-encoder-webm-vorbis: bf7c407c2cedff20999df2af8eb42d56 -> 
  custom:framework-win-MediaFoundation: 216162199b28c13a410421893ffa2e32 -> 
  custom:container-demuxer-ogg: 62fdf1f143b41e24485cea50d1cbac27 -> 
  custom:video-decoder-webm-vp8: 9c59270c3fd7afecdb556c50c9e8de78 -> 
  custom:audio-decoder-ogg-vorbis: bf7c407c2cedff20999df2af8eb42d56 -> 
========================================================================
Received Import Request.
  Time since last request: 239091.478784 seconds.
  path: Assets/Medieval Combat Sounds/Footsteps/Armored Concrete Surface/Heavy Armor Concrete Running 1_01.wav
  artifactKey: Guid(4a92628f22efa1348982ba316c7deffc) Importer(815301076,1909f56bfc062723c751e8b465ee728b)
Start importing Assets/Medieval Combat Sounds/Footsteps/Armored Concrete Surface/Heavy Armor Concrete Running 1_01.wav using Guid(4a92628f22efa1348982ba316c7deffc) Importer(815301076,1909f56bfc062723c751e8b465ee728b)  -> (artifact id: '8454a8adec455d0f9506591d80faf2ef') in 0.112870 seconds 
========================================================================
Received Import Request.
  Time since last request: 0.000016 seconds.
  path: Assets/Medieval Combat Sounds/Footsteps/Armored Concrete Surface/Heavy Armor Concrete Walking 1_04.wav
  artifactKey: Guid(26dfcc3b4bb73374ab4701a820a90aa3) Importer(815301076,1909f56bfc062723c751e8b465ee728b)
Start importing Assets/Medieval Combat Sounds/Footsteps/Armored Concrete Surface/Heavy Armor Concrete Walking 1_04.wav using Guid(26dfcc3b4bb73374ab4701a820a90aa3) Importer(815301076,1909f56bfc062723c751e8b465ee728b)  -> (artifact id: 'd84c829747958d3500ef22651fbb3ada') in 0.009433 seconds 
========================================================================
Received Import Request.
  Time since last request: 0.000036 seconds.
  path: Assets/Medieval Combat Sounds/Footsteps/Armored Concrete Surface/Light Armor Concrete Running 1_06.wav
  artifactKey: Guid(09fe0f4636afc7746b5f62cdac45f5e2) Importer(815301076,1909f56bfc062723c751e8b465ee728b)
Start importing Assets/Medieval Combat Sounds/Footsteps/Armored Concrete Surface/Light Armor Concrete Running 1_06.wav using Guid(09fe0f4636afc7746b5f62cdac45f5e2) Importer(815301076,1909f56bfc062723c751e8b465ee728b)  -> (artifact id: '4205f5fc7f5a1dc0d88c55708a352382') in 0.009746 seconds 
========================================================================
Received Import Request.
  Time since last request: 0.000014 seconds.
  path: Assets/Medieval Combat Sounds/Footsteps/Armored Concrete Surface/Light Armor Concrete Walking 1_01.wav
  artifactKey: Guid(e66cfdb4eac3e64438243d0298ac2415) Importer(815301076,1909f56bfc062723c751e8b465ee728b)
Start importing Assets/Medieval Combat Sounds/Footsteps/Armored Concrete Surface/Light Armor Concrete Walking 1_01.wav using Guid(e66cfdb4eac3e64438243d0298ac2415) Importer(815301076,1909f56bfc062723c751e8b465ee728b)  -> (artifact id: '5510e7d6a30a038ac7167eb80d9f6dd1') in 0.010954 seconds 
========================================================================
Received Import Request.
  Time since last request: 0.000015 seconds.
  path: Assets/Medieval Combat Sounds/Footsteps/Armored Concrete Surface/Heavy Armor Concrete Running 1_09.wav
  artifactKey: Guid(5e5900abd0ba42d4f978d2948eb079f5) Importer(815301076,1909f56bfc062723c751e8b465ee728b)
Start importing Assets/Medieval Combat Sounds/Footsteps/Armored Concrete Surface/Heavy Armor Concrete Running 1_09.wav using Guid(5e5900abd0ba42d4f978d2948eb079f5) Importer(815301076,1909f56bfc062723c751e8b465ee728b)  -> (artifact id: 'e2580a89f062d8ea6cb511614f758585') in 0.010285 seconds 
========================================================================
Received Import Request.
  Time since last request: 0.000018 seconds.
  path: Assets/Medieval Combat Sounds/Footsteps/Armored Concrete Surface/Light Armor Concrete Walking 1_08.wav
  artifactKey: Guid(4a9ef1f4af6f6f54599d717fade1c278) Importer(815301076,1909f56bfc062723c751e8b465ee728b)
Start importing Assets/Medieval Combat Sounds/Footsteps/Armored Concrete Surface/Light Armor Concrete Walking 1_08.wav using Guid(4a9ef1f4af6f6f54599d717fade1c278) Importer(815301076,1909f56bfc062723c751e8b465ee728b)  -> (artifact id: '7233659b78fc08f31fc008f3250bd453') in 0.010601 seconds 
========================================================================
Received Import Request.
  Time since last request: 0.000021 seconds.
  path: Assets/Medieval Combat Sounds/Footsteps/Armored Concrete Surface/Light Armor Concrete Walking 2_04.wav
  artifactKey: Guid(8187566fd977f4a42a7cb05eeac799f1) Importer(815301076,1909f56bfc062723c751e8b465ee728b)
Start importing Assets/Medieval Combat Sounds/Footsteps/Armored Concrete Surface/Light Armor Concrete Walking 2_04.wav using Guid(8187566fd977f4a42a7cb05eeac799f1) Importer(815301076,1909f56bfc062723c751e8b465ee728b)  -> (artifact id: '966770fc21bdcb424ef1cef425c26494') in 0.009431 seconds 
========================================================================
Received Import Request.
  Time since last request: 0.000021 seconds.
  path: Assets/Medieval Combat Sounds/Footsteps/Armored Concrete Surface/Heavy Armor Concrete Walking 1_07.wav
  artifactKey: Guid(6692dbf86f6306549b65f2f7473f6336) Importer(815301076,1909f56bfc062723c751e8b465ee728b)
Start importing Assets/Medieval Combat Sounds/Footsteps/Armored Concrete Surface/Heavy Armor Concrete Walking 1_07.wav using Guid(6692dbf86f6306549b65f2f7473f6336) Importer(815301076,1909f56bfc062723c751e8b465ee728b)  -> (artifact id: 'efd7355183e99257a3a1883c796d680a') in 0.010651 seconds 
========================================================================
Received Import Request.
  Time since last request: 0.000029 seconds.
  path: Assets/Medieval Combat Sounds/Footsteps/Armored Concrete Surface/Heavy Armor Concrete Running 1_06.wav
  artifactKey: Guid(2b22b8ec191cba14e8824043a756a9bf) Importer(815301076,1909f56bfc062723c751e8b465ee728b)
Start importing Assets/Medieval Combat Sounds/Footsteps/Armored Concrete Surface/Heavy Armor Concrete Running 1_06.wav using Guid(2b22b8ec191cba14e8824043a756a9bf) Importer(815301076,1909f56bfc062723c751e8b465ee728b)  -> (artifact id: '56ff6d59cbeffcc68dc7971de05f5da3') in 0.011614 seconds 
========================================================================
Received Import Request.
  Time since last request: 0.000016 seconds.
  path: Assets/Medieval Combat Sounds/Footsteps/Armored Concrete Surface/Heavy Armor Concrete Running 2_05.wav
  artifactKey: Guid(b5ca213ffb82f714cb75ec93008c6ab5) Importer(815301076,1909f56bfc062723c751e8b465ee728b)
Start importing Assets/Medieval Combat Sounds/Footsteps/Armored Concrete Surface/Heavy Armor Concrete Running 2_05.wav using Guid(b5ca213ffb82f714cb75ec93008c6ab5) Importer(815301076,1909f56bfc062723c751e8b465ee728b)  -> (artifact id: '41f0ae0d2de08c2b3d63e96bcca94a0e') in 0.009895 seconds 
========================================================================
Received Import Request.
  Time since last request: 0.000025 seconds.
  path: Assets/Medieval Combat Sounds/Footsteps/Armored Concrete Surface/Light Armor Concrete Walking 1_05.wav
  artifactKey: Guid(a727fcb8b8ad361418c1928987fffd35) Importer(815301076,1909f56bfc062723c751e8b465ee728b)
Start importing Assets/Medieval Combat Sounds/Footsteps/Armored Concrete Surface/Light Armor Concrete Walking 1_05.wav using Guid(a727fcb8b8ad361418c1928987fffd35) Importer(815301076,1909f56bfc062723c751e8b465ee728b)  -> (artifact id: '8bef769d42f221c02ebbd0369bf523f6') in 0.009387 seconds 
========================================================================
Received Import Request.
  Time since last request: 0.000027 seconds.
  path: Assets/Medieval Combat Sounds/Footsteps/Armored Concrete Surface/Light Armor Concrete Running 1_04.wav
  artifactKey: Guid(8c34a4de18515c24fa1c8647f58313ff) Importer(815301076,1909f56bfc062723c751e8b465ee728b)
Start importing Assets/Medieval Combat Sounds/Footsteps/Armored Concrete Surface/Light Armor Concrete Running 1_04.wav using Guid(8c34a4de18515c24fa1c8647f58313ff) Importer(815301076,1909f56bfc062723c751e8b465ee728b)  -> (artifact id: '2c09920362200188dffd817397e007e5') in 0.010424 seconds 
========================================================================
Received Import Request.
  Time since last request: 0.000040 seconds.
  path: Assets/Medieval Combat Sounds/Footsteps/Armored Concrete Surface/Heavy Armor Concrete Running 2_02.wav
  artifactKey: Guid(7fb15d81335ed3241933ce24b64cbf46) Importer(815301076,1909f56bfc062723c751e8b465ee728b)
Start importing Assets/Medieval Combat Sounds/Footsteps/Armored Concrete Surface/Heavy Armor Concrete Running 2_02.wav using Guid(7fb15d81335ed3241933ce24b64cbf46) Importer(815301076,1909f56bfc062723c751e8b465ee728b)  -> (artifact id: 'e9ba1cacec6d72dce88dd2a5c9e6bddd') in 0.011259 seconds 
========================================================================
Received Import Request.
  Time since last request: 0.000016 seconds.
  path: Assets/Medieval Combat Sounds/Footsteps/Armored Concrete Surface/Light Armor Concrete Running 1_01.wav
  artifactKey: Guid(aa39b090a4dc8374298edb37d4ea1f6a) Importer(815301076,1909f56bfc062723c751e8b465ee728b)
Start importing Assets/Medieval Combat Sounds/Footsteps/Armored Concrete Surface/Light Armor Concrete Running 1_01.wav using Guid(aa39b090a4dc8374298edb37d4ea1f6a) Importer(815301076,1909f56bfc062723c751e8b465ee728b)  -> (artifact id: '81bdc22c648ce05b17de3984c69ac817') in 0.010303 seconds 
========================================================================
Received Import Request.
  Time since last request: 0.000042 seconds.
  path: Assets/Medieval Combat Sounds/Footsteps/Armored Concrete Surface/Light Armor Concrete Running 1_10.wav
  artifactKey: Guid(dea2c2e0b03a8b642a1fa1dad60c32b6) Importer(815301076,1909f56bfc062723c751e8b465ee728b)
Start importing Assets/Medieval Combat Sounds/Footsteps/Armored Concrete Surface/Light Armor Concrete Running 1_10.wav using Guid(dea2c2e0b03a8b642a1fa1dad60c32b6) Importer(815301076,1909f56bfc062723c751e8b465ee728b)  -> (artifact id: 'aeca100831d36abdedbd11ddb75211a5') in 0.011207 seconds 
========================================================================
Received Import Request.
  Time since last request: 0.000018 seconds.
  path: Assets/Medieval Combat Sounds/Footsteps/Armored Concrete Surface/Light Armor Concrete Walking 1_03.wav
  artifactKey: Guid(53b2f84462f4886449a65046479c057d) Importer(815301076,1909f56bfc062723c751e8b465ee728b)
Start importing Assets/Medieval Combat Sounds/Footsteps/Armored Concrete Surface/Light Armor Concrete Walking 1_03.wav using Guid(53b2f84462f4886449a65046479c057d) Importer(815301076,1909f56bfc062723c751e8b465ee728b)  -> (artifact id: 'ba13fbbc6cae8982002ae5435dddd02b') in 0.009757 seconds 
Editor requested this worker to shutdown with reason: Scaling down because of idle timeout
AssetImportWorker is now disconnected from the server
Process exiting
Exiting without the bug reporter. Application will terminate with return code 0