Using pre-set license
Built from '2021.2/staging' branch; Version is '2021.2.4f1 (99ba6aa4c552) revision 10074730'; Using compiler version '192829333'; Build Type 'Release'
OS: 'Windows 10 Home; OS build 19044.1586; Version 2009; 64bit' Language: 'en' Physical Memory: 32611 MB
BatchMode: 1, IsHumanControllingUs: 0, StartBugReporterOnCrash: 0, Is64bit: 1, IsPro: 0

COMMAND LINE ARGUMENTS:
C:\Program Files\Unity\Hub\Editor\2021.2.4f1\Editor\Unity.exe
-adb2
-batchMode
-noUpm
-name
AssetImportWorker5
-projectPath
D:/DigiPen/6_2022_Spring/DES303/Rites-of-Freedom/Rites of Freedom Unity Project
-logFile
Logs/AssetImportWorker5.log
-srvPort
60509
Successfully changed project path to: D:/DigiPen/6_2022_Spring/DES303/Rites-of-Freedom/Rites of Freedom Unity Project
D:/DigiPen/6_2022_Spring/DES303/Rites-of-Freedom/Rites of Freedom Unity Project
[UnityMemory] Configuration Parameters - Can be set up in boot.config
    "memorysetup-bucket-allocator-granularity=16"
    "memorysetup-bucket-allocator-bucket-count=8"
    "memorysetup-bucket-allocator-block-size=33554432"
    "memorysetup-bucket-allocator-block-count=8"
    "memorysetup-main-allocator-block-size=16777216"
    "memorysetup-thread-allocator-block-size=16777216"
    "memorysetup-gfx-main-allocator-block-size=16777216"
    "memorysetup-gfx-thread-allocator-block-size=16777216"
    "memorysetup-cache-allocator-block-size=4194304"
    "memorysetup-typetree-allocator-block-size=2097152"
    "memorysetup-profiler-bucket-allocator-granularity=16"
    "memorysetup-profiler-bucket-allocator-bucket-count=8"
    "memorysetup-profiler-bucket-allocator-block-size=33554432"
    "memorysetup-profiler-bucket-allocator-block-count=8"
    "memorysetup-profiler-allocator-block-size=16777216"
    "memorysetup-profiler-editor-allocator-block-size=1048576"
    "memorysetup-temp-allocator-size-main=16777216"
    "memorysetup-job-temp-allocator-block-size=2097152"
    "memorysetup-job-temp-allocator-block-size-background=1048576"
    "memorysetup-job-temp-allocator-reduction-small-platforms=262144"
    "memorysetup-temp-allocator-size-background-worker=32768"
    "memorysetup-temp-allocator-size-job-worker=262144"
    "memorysetup-temp-allocator-size-preload-manager=33554432"
    "memorysetup-temp-allocator-size-nav-mesh-worker=65536"
    "memorysetup-temp-allocator-size-audio-worker=65536"
    "memorysetup-temp-allocator-size-cloud-worker=32768"
    "memorysetup-temp-allocator-size-gi-baking-worker=262144"
    "memorysetup-temp-allocator-size-gfx=262144"
Refreshing native plugins compatible for Editor in 56.01 ms, found 3 plugins.
Preloading 0 native plugins for Editor in 0.00 ms.
Initialize engine version: 2021.2.4f1 (99ba6aa4c552)
[Subsystems] Discovering subsystems at path C:/Program Files/Unity/Hub/Editor/2021.2.4f1/Editor/Data/Resources/UnitySubsystems
[Subsystems] Discovering subsystems at path D:/DigiPen/6_2022_Spring/DES303/Rites-of-Freedom/Rites of Freedom Unity Project/Assets
GfxDevice: creating device client; threaded=0; jobified=0
Direct3D:
    Version:  Direct3D 11.0 [level 11.1]
    Renderer: NVIDIA GeForce GTX 1070 Ti (ID=0x1b82)
    Vendor:   NVIDIA
    VRAM:     8079 MB
    Driver:   30.0.15.1179
Initialize mono
Mono path[0] = 'C:/Program Files/Unity/Hub/Editor/2021.2.4f1/Editor/Data/Managed'
Mono path[1] = 'C:/Program Files/Unity/Hub/Editor/2021.2.4f1/Editor/Data/MonoBleedingEdge/lib/mono/unityjit-win32'
Mono config path = 'C:/Program Files/Unity/Hub/Editor/2021.2.4f1/Editor/Data/MonoBleedingEdge/etc'
Using monoOptions --debugger-agent=transport=dt_socket,embedding=1,server=y,suspend=n,address=127.0.0.1:56332
Begin MonoManager ReloadAssembly
Registering precompiled unity dll's ...
Register platform support module: C:/Program Files/Unity/Hub/Editor/2021.2.4f1/Editor/Data/PlaybackEngines/WindowsStandaloneSupport/UnityEditor.WindowsStandalone.Extensions.dll
Registered in 0.005471 seconds.
Native extension for WindowsStandalone target not found
Refreshing native plugins compatible for Editor in 46.65 ms, found 3 plugins.
Preloading 0 native plugins for Editor in 0.00 ms.
Mono: successfully reloaded assembly
- Completed reload, in  0.466 seconds
Domain Reload Profiling:
	ReloadAssembly (467ms)
		BeginReloadAssembly (56ms)
			ExecutionOrderSort (0ms)
			DisableScriptedObjects (0ms)
			BackupInstance (0ms)
			ReleaseScriptingObjects (0ms)
			CreateAndSetChildDomain (1ms)
		EndReloadAssembly (349ms)
			LoadAssemblies (54ms)
			RebuildTransferFunctionScriptingTraits (0ms)
			SetupTypeCache (78ms)
			ReleaseScriptCaches (0ms)
			RebuildScriptCaches (22ms)
			SetupLoadedEditorAssemblies (207ms)
				LogAssemblyErrors (0ms)
				InitializePlatformSupportModulesInManaged (11ms)
				SetLoadedEditorAssemblies (0ms)
				RefreshPlugins (47ms)
				BeforeProcessingInitializeOnLoad (1ms)
				ProcessInitializeOnLoadAttributes (111ms)
				ProcessInitializeOnLoadMethodAttributes (36ms)
				AfterProcessingInitializeOnLoad (0ms)
				EditorAssembliesLoaded (0ms)
			ExecutionOrderSort2 (0ms)
			AwakeInstancesAfterBackupRestoration (0ms)
Platform modules already initialized, skipping
Registering precompiled user dll's ...
Registered in 0.003856 seconds.
Begin MonoManager ReloadAssembly
Native extension for WindowsStandalone target not found
Refreshing native plugins compatible for Editor in 46.22 ms, found 3 plugins.
Preloading 0 native plugins for Editor in 0.00 ms.
Mono: successfully reloaded assembly
- Completed reload, in  1.245 seconds
Domain Reload Profiling:
	ReloadAssembly (1245ms)
		BeginReloadAssembly (133ms)
			ExecutionOrderSort (0ms)
			DisableScriptedObjects (5ms)
			BackupInstance (0ms)
			ReleaseScriptingObjects (0ms)
			CreateAndSetChildDomain (14ms)
		EndReloadAssembly (1039ms)
			LoadAssemblies (57ms)
			RebuildTransferFunctionScriptingTraits (0ms)
			SetupTypeCache (154ms)
			ReleaseScriptCaches (0ms)
			RebuildScriptCaches (43ms)
			SetupLoadedEditorAssemblies (701ms)
				LogAssemblyErrors (0ms)
				InitializePlatformSupportModulesInManaged (8ms)
				SetLoadedEditorAssemblies (0ms)
				RefreshPlugins (46ms)
				BeforeProcessingInitializeOnLoad (52ms)
				ProcessInitializeOnLoadAttributes (562ms)
				ProcessInitializeOnLoadMethodAttributes (26ms)
				AfterProcessingInitializeOnLoad (6ms)
				EditorAssembliesLoaded (0ms)
			ExecutionOrderSort2 (0ms)
			AwakeInstancesAfterBackupRestoration (4ms)
Platform modules already initialized, skipping
========================================================================
Worker process is ready to serve import requests
Launched and connected shader compiler UnityShaderCompiler.exe after 0.04 seconds
Refreshing native plugins compatible for Editor in 0.66 ms, found 3 plugins.
Preloading 0 native plugins for Editor in 0.00 ms.
Unloading 2424 Unused Serialized files (Serialized files now loaded: 0)
Unloading 37 unused Assets / (56.7 KB). Loaded Objects now: 2890.
Memory consumption went from 120.0 MB to 119.9 MB.
Total: 2.399300 ms (FindLiveObjects: 0.162700 ms CreateObjectMapping: 0.106500 ms MarkObjects: 2.081100 ms  DeleteObjects: 0.048300 ms)

AssetImportParameters requested are different than current active one (requested -> active):
  custom:video-decoder-ogg-theora: a1e56fd34408186e4bbccfd4996cb3dc -> 
  custom:container-muxer-webm: aa71ff27fc2769a1b78a27578f13a17b -> 
  custom:container-demuxer-webm: 4f35f7cbe854078d1ac9338744f61a02 -> 
  custom:video-encoder-webm-vp8: eb34c28f22e8b96e1ab97ce403110664 -> 
  custom:audio-encoder-webm-vorbis: bf7c407c2cedff20999df2af8eb42d56 -> 
  custom:framework-win-MediaFoundation: 216162199b28c13a410421893ffa2e32 -> 
  custom:container-demuxer-ogg: 62fdf1f143b41e24485cea50d1cbac27 -> 
  custom:video-decoder-webm-vp8: 9c59270c3fd7afecdb556c50c9e8de78 -> 
  custom:audio-decoder-ogg-vorbis: bf7c407c2cedff20999df2af8eb42d56 -> 
========================================================================
Received Prepare
Registering precompiled user dll's ...
Registered in 0.002779 seconds.
Begin MonoManager ReloadAssembly
Native extension for WindowsStandalone target not found
Refreshing native plugins compatible for Editor in 0.67 ms, found 3 plugins.
Preloading 0 native plugins for Editor in 0.00 ms.
Mono: successfully reloaded assembly
- Completed reload, in  0.901 seconds
Domain Reload Profiling:
	ReloadAssembly (901ms)
		BeginReloadAssembly (122ms)
			ExecutionOrderSort (0ms)
			DisableScriptedObjects (8ms)
			BackupInstance (0ms)
			ReleaseScriptingObjects (0ms)
			CreateAndSetChildDomain (27ms)
		EndReloadAssembly (704ms)
			LoadAssemblies (64ms)
			RebuildTransferFunctionScriptingTraits (0ms)
			SetupTypeCache (148ms)
			ReleaseScriptCaches (1ms)
			RebuildScriptCaches (32ms)
			SetupLoadedEditorAssemblies (376ms)
				LogAssemblyErrors (0ms)
				InitializePlatformSupportModulesInManaged (9ms)
				SetLoadedEditorAssemblies (0ms)
				RefreshPlugins (1ms)
				BeforeProcessingInitializeOnLoad (44ms)
				ProcessInitializeOnLoadAttributes (293ms)
				ProcessInitializeOnLoadMethodAttributes (23ms)
				AfterProcessingInitializeOnLoad (6ms)
				EditorAssembliesLoaded (0ms)
			ExecutionOrderSort2 (0ms)
			AwakeInstancesAfterBackupRestoration (6ms)
Platform modules already initialized, skipping
Refreshing native plugins compatible for Editor in 0.71 ms, found 3 plugins.
Preloading 0 native plugins for Editor in 0.00 ms.
Unloading 2399 Unused Serialized files (Serialized files now loaded: 0)
Unloading 25 unused Assets / (24.7 KB). Loaded Objects now: 2892.
Memory consumption went from 118.1 MB to 118.1 MB.
Total: 2.424400 ms (FindLiveObjects: 0.178700 ms CreateObjectMapping: 0.118300 ms MarkObjects: 2.110800 ms  DeleteObjects: 0.015500 ms)

AssetImportParameters requested are different than current active one (requested -> active):
  custom:video-decoder-ogg-theora: a1e56fd34408186e4bbccfd4996cb3dc -> 
  custom:container-muxer-webm: aa71ff27fc2769a1b78a27578f13a17b -> 
  custom:container-demuxer-webm: 4f35f7cbe854078d1ac9338744f61a02 -> 
  custom:video-encoder-webm-vp8: eb34c28f22e8b96e1ab97ce403110664 -> 
  custom:audio-encoder-webm-vorbis: bf7c407c2cedff20999df2af8eb42d56 -> 
  custom:framework-win-MediaFoundation: 216162199b28c13a410421893ffa2e32 -> 
  custom:container-demuxer-ogg: 62fdf1f143b41e24485cea50d1cbac27 -> 
  custom:video-decoder-webm-vp8: 9c59270c3fd7afecdb556c50c9e8de78 -> 
  custom:audio-decoder-ogg-vorbis: bf7c407c2cedff20999df2af8eb42d56 -> 
========================================================================
Received Import Request.
  Time since last request: 1463227.816093 seconds.
  path: Assets/Packages/TextMesh Pro/Examples & Extras/Resources/Fonts & Materials/Roboto-Bold SDF - Objectives.mat
  artifactKey: Guid(aae17f85405050d48a2b5befdf6f4519) Importer(815301076,1909f56bfc062723c751e8b465ee728b)
Start importing Assets/Packages/TextMesh Pro/Examples & Extras/Resources/Fonts & Materials/Roboto-Bold SDF - Objectives.mat using Guid(aae17f85405050d48a2b5befdf6f4519) Importer(815301076,1909f56bfc062723c751e8b465ee728b)  -> (artifact id: '014982c432804fabc0c74c5003783f26') in 0.094422 seconds 
========================================================================
Received Import Request.
  Time since last request: 0.000013 seconds.
  path: Assets/Packages/TextMesh Pro/Examples & Extras/Resources/Fonts & Materials/Roboto-Bold SDF.asset
  artifactKey: Guid(5302535af1044152a457ed104f1f4b91) Importer(815301076,1909f56bfc062723c751e8b465ee728b)
Start importing Assets/Packages/TextMesh Pro/Examples & Extras/Resources/Fonts & Materials/Roboto-Bold SDF.asset using Guid(5302535af1044152a457ed104f1f4b91) Importer(815301076,1909f56bfc062723c751e8b465ee728b)  -> (artifact id: 'eaac374226ef533af020c22d404ea847') in 0.039934 seconds 
========================================================================
Received Prepare
Registering precompiled user dll's ...
Registered in 0.002904 seconds.
Begin MonoManager ReloadAssembly
Native extension for WindowsStandalone target not found
Refreshing native plugins compatible for Editor in 0.70 ms, found 3 plugins.
Preloading 0 native plugins for Editor in 0.00 ms.
Mono: successfully reloaded assembly
- Completed reload, in  0.907 seconds
Domain Reload Profiling:
	ReloadAssembly (908ms)
		BeginReloadAssembly (113ms)
			ExecutionOrderSort (0ms)
			DisableScriptedObjects (5ms)
			BackupInstance (0ms)
			ReleaseScriptingObjects (0ms)
			CreateAndSetChildDomain (29ms)
		EndReloadAssembly (724ms)
			LoadAssemblies (60ms)
			RebuildTransferFunctionScriptingTraits (0ms)
			SetupTypeCache (153ms)
			ReleaseScriptCaches (1ms)
			RebuildScriptCaches (32ms)
			SetupLoadedEditorAssemblies (378ms)
				LogAssemblyErrors (0ms)
				InitializePlatformSupportModulesInManaged (9ms)
				SetLoadedEditorAssemblies (0ms)
				RefreshPlugins (1ms)
				BeforeProcessingInitializeOnLoad (43ms)
				ProcessInitializeOnLoadAttributes (295ms)
				ProcessInitializeOnLoadMethodAttributes (24ms)
				AfterProcessingInitializeOnLoad (6ms)
				EditorAssembliesLoaded (0ms)
			ExecutionOrderSort2 (0ms)
			AwakeInstancesAfterBackupRestoration (9ms)
Platform modules already initialized, skipping
Refreshing native plugins compatible for Editor in 0.69 ms, found 3 plugins.
Preloading 0 native plugins for Editor in 0.00 ms.
Unloading 2400 Unused Serialized files (Serialized files now loaded: 0)
Unloading 25 unused Assets / (24.7 KB). Loaded Objects now: 2950.
Memory consumption went from 123.7 MB to 123.6 MB.
Total: 2.360800 ms (FindLiveObjects: 0.163400 ms CreateObjectMapping: 0.110000 ms MarkObjects: 2.073900 ms  DeleteObjects: 0.012800 ms)

AssetImportParameters requested are different than current active one (requested -> active):
  custom:video-decoder-ogg-theora: a1e56fd34408186e4bbccfd4996cb3dc -> 
  custom:container-muxer-webm: aa71ff27fc2769a1b78a27578f13a17b -> 
  custom:container-demuxer-webm: 4f35f7cbe854078d1ac9338744f61a02 -> 
  custom:video-encoder-webm-vp8: eb34c28f22e8b96e1ab97ce403110664 -> 
  custom:audio-encoder-webm-vorbis: bf7c407c2cedff20999df2af8eb42d56 -> 
  custom:framework-win-MediaFoundation: 216162199b28c13a410421893ffa2e32 -> 
  custom:container-demuxer-ogg: 62fdf1f143b41e24485cea50d1cbac27 -> 
  custom:video-decoder-webm-vp8: 9c59270c3fd7afecdb556c50c9e8de78 -> 
  custom:audio-decoder-ogg-vorbis: bf7c407c2cedff20999df2af8eb42d56 -> 
========================================================================
Received Import Request.
  Time since last request: 4055.685274 seconds.
  path: Assets/Sprites/LPK/Controller_Buttons/Keyboard & Mouse/Blanks/Blank_Black_Mouse.png
  artifactKey: Guid(16de89a198a468746bb12d68b7813758) Importer(815301076,1909f56bfc062723c751e8b465ee728b)
Start importing Assets/Sprites/LPK/Controller_Buttons/Keyboard & Mouse/Blanks/Blank_Black_Mouse.png using Guid(16de89a198a468746bb12d68b7813758) Importer(815301076,1909f56bfc062723c751e8b465ee728b)  -> (artifact id: '937ab8b7ad9c7f6e0b7cadb662345073') in 0.071559 seconds 
========================================================================
Received Import Request.
  Time since last request: 0.000012 seconds.
  path: Assets/Sprites/LPK/Controller_Buttons/Keyboard & Mouse/Blanks/Blank_Black_Normal.png
  artifactKey: Guid(f68c8a7b5a3c8bb49be7c96434a1a490) Importer(815301076,1909f56bfc062723c751e8b465ee728b)
Start importing Assets/Sprites/LPK/Controller_Buttons/Keyboard & Mouse/Blanks/Blank_Black_Normal.png using Guid(f68c8a7b5a3c8bb49be7c96434a1a490) Importer(815301076,1909f56bfc062723c751e8b465ee728b)  -> (artifact id: '73fccce95c3bf0cf1c5cd0725cec753c') in 0.012225 seconds 
========================================================================
Received Import Request.
  Time since last request: 0.000017 seconds.
  path: Assets/Packages/Hero Knight - Pixel Art/Sprites/BlockFlash.png
  artifactKey: Guid(a75445bb16444f14f96fdf9c734945cc) Importer(815301076,1909f56bfc062723c751e8b465ee728b)
Start importing Assets/Packages/Hero Knight - Pixel Art/Sprites/BlockFlash.png using Guid(a75445bb16444f14f96fdf9c734945cc) Importer(815301076,1909f56bfc062723c751e8b465ee728b)  -> (artifact id: '02ba4c6af3d8f28b7a6e952d1c731b84') in 0.019761 seconds 
========================================================================
Received Import Request.
  Time since last request: 2.509491 seconds.
  path: Assets/Packages/6000FlatButtonIcon_White/button/button_corner_rectangle3_01.png
  artifactKey: Guid(6c3b2b67d56846a40ae04e1418888dc3) Importer(815301076,1909f56bfc062723c751e8b465ee728b)
Start importing Assets/Packages/6000FlatButtonIcon_White/button/button_corner_rectangle3_01.png using Guid(6c3b2b67d56846a40ae04e1418888dc3) Importer(815301076,1909f56bfc062723c751e8b465ee728b)  -> (artifact id: 'f10d02a60677fbaed3233c623abda81a') in 0.012458 seconds 
========================================================================
Received Import Request.
  Time since last request: 0.079206 seconds.
  path: Assets/Packages/6000FlatButtonIcon_White/button_line/button_corner_rectangle4_line_01.png
  artifactKey: Guid(a4b9328ec48c8c84d9479e567da24fca) Importer(815301076,1909f56bfc062723c751e8b465ee728b)
Start importing Assets/Packages/6000FlatButtonIcon_White/button_line/button_corner_rectangle4_line_01.png using Guid(a4b9328ec48c8c84d9479e567da24fca) Importer(815301076,1909f56bfc062723c751e8b465ee728b)  -> (artifact id: 'de55bae9dfdcfabb38bdbc9a58e7975b') in 0.012553 seconds 
========================================================================
Received Import Request.
  Time since last request: 0.000023 seconds.
  path: Assets/Packages/6000FlatButtonIcon_White/button/button_corner_square5_01.png
  artifactKey: Guid(bd48bb339babf3e4cbf20cd41e5e3d67) Importer(815301076,1909f56bfc062723c751e8b465ee728b)
Start importing Assets/Packages/6000FlatButtonIcon_White/button/button_corner_square5_01.png using Guid(bd48bb339babf3e4cbf20cd41e5e3d67) Importer(815301076,1909f56bfc062723c751e8b465ee728b)  -> (artifact id: '206786e9e72823f02226d0bdf517ed17') in 0.014865 seconds 
========================================================================
Received Import Request.
  Time since last request: 0.000015 seconds.
  path: Assets/Packages/6000FlatButtonIcon_White/button/button_corner_square3_01.png
  artifactKey: Guid(2bf2c6d735f39ee488e932a86acc62cb) Importer(815301076,1909f56bfc062723c751e8b465ee728b)
Start importing Assets/Packages/6000FlatButtonIcon_White/button/button_corner_square3_01.png using Guid(2bf2c6d735f39ee488e932a86acc62cb) Importer(815301076,1909f56bfc062723c751e8b465ee728b)  -> (artifact id: '4b26974b31e393f77af8022d8ba2588a') in 0.013854 seconds 
========================================================================
Received Import Request.
  Time since last request: 0.000013 seconds.
  path: Assets/Packages/6000FlatButtonIcon_White/button/button_corner_square4_01.png
  artifactKey: Guid(2f0251aaee7e94042a50fe76743a38b7) Importer(815301076,1909f56bfc062723c751e8b465ee728b)
Start importing Assets/Packages/6000FlatButtonIcon_White/button/button_corner_square4_01.png using Guid(2f0251aaee7e94042a50fe76743a38b7) Importer(815301076,1909f56bfc062723c751e8b465ee728b)  -> (artifact id: '541b4165afb8bc151afd3820b536e779') in 0.012490 seconds 
========================================================================
Received Import Request.
  Time since last request: 0.000018 seconds.
  path: Assets/Packages/6000FlatButtonIcon_White/button/button_corner_square2_01.png
  artifactKey: Guid(a2c218f1bcef7784cb4bd44761100921) Importer(815301076,1909f56bfc062723c751e8b465ee728b)
Start importing Assets/Packages/6000FlatButtonIcon_White/button/button_corner_square2_01.png using Guid(a2c218f1bcef7784cb4bd44761100921) Importer(815301076,1909f56bfc062723c751e8b465ee728b)  -> (artifact id: '93fd26a6f845db9975510499552e18e0') in 0.010104 seconds 
========================================================================
Received Import Request.
  Time since last request: 0.000013 seconds.
  path: Assets/Packages/6000FlatButtonIcon_White/button/button_square_01.png
  artifactKey: Guid(6c2d847813bea1c40a81f48299b8e0cc) Importer(815301076,1909f56bfc062723c751e8b465ee728b)
Start importing Assets/Packages/6000FlatButtonIcon_White/button/button_square_01.png using Guid(6c2d847813bea1c40a81f48299b8e0cc) Importer(815301076,1909f56bfc062723c751e8b465ee728b)  -> (artifact id: '4a40f4d477b756e5dda38fda73cc2ae8') in 0.012286 seconds 
========================================================================
Received Import Request.
  Time since last request: 0.000013 seconds.
  path: Assets/Packages/6000FlatButtonIcon_White/button/button_oval_01.png
  artifactKey: Guid(f06bdeaf4a3bf2647a637472927b8912) Importer(815301076,1909f56bfc062723c751e8b465ee728b)
Start importing Assets/Packages/6000FlatButtonIcon_White/button/button_oval_01.png using Guid(f06bdeaf4a3bf2647a637472927b8912) Importer(815301076,1909f56bfc062723c751e8b465ee728b)  -> (artifact id: '607165fe2a9f1aa95848d7738ad72d29') in 0.013414 seconds 
========================================================================
Received Import Request.
  Time since last request: 0.000016 seconds.
  path: Assets/Packages/6000FlatButtonIcon_White/button/button_corner_square1_01.png
  artifactKey: Guid(208f96d32e3076e4d9d9db45d1f172b8) Importer(815301076,1909f56bfc062723c751e8b465ee728b)
Start importing Assets/Packages/6000FlatButtonIcon_White/button/button_corner_square1_01.png using Guid(208f96d32e3076e4d9d9db45d1f172b8) Importer(815301076,1909f56bfc062723c751e8b465ee728b)  -> (artifact id: '48cde7d9180253a07f8299bbe3dad220') in 0.012880 seconds 
========================================================================
Received Import Request.
  Time since last request: 0.000013 seconds.
  path: Assets/Packages/6000FlatButtonIcon_White/button/button_rectangle_01.png
  artifactKey: Guid(7b667a4fede5ea746af339505fcecd59) Importer(815301076,1909f56bfc062723c751e8b465ee728b)
Start importing Assets/Packages/6000FlatButtonIcon_White/button/button_rectangle_01.png using Guid(7b667a4fede5ea746af339505fcecd59) Importer(815301076,1909f56bfc062723c751e8b465ee728b)  -> (artifact id: '1c25f576df78c13956fb3125f8ff75e3') in 0.013236 seconds 
Editor requested this worker to shutdown with reason: Scaling down because of idle timeout
AssetImportWorker is now disconnected from the server
Process exiting
Exiting without the bug reporter. Application will terminate with return code 0